This file contains any messages produced by compilers while
running configure, to aid debugging if configure makes a mistake.

It was created by GNU make configure 3.81, which was
generated by GNU Autoconf 2.65.  Invocation command line was

  $ ./configure 

## --------- ##
## Platform. ##
## --------- ##

hostname = codespaces-27cbcd
uname -m = x86_64
uname -r = 6.8.0-1052-azure
uname -s = Linux
uname -v = #58~22.04.1-Ubuntu SMP Thu Mar 26 05:02:21 UTC 2026

/usr/bin/uname -p = x86_64
/bin/uname -X     = unknown

/bin/arch              = x86_64
/usr/bin/arch -k       = unknown
/usr/convex/getsysinfo = unknown
/usr/bin/hostinfo      = unknown
/bin/machine           = unknown
/usr/bin/oslevel       = unknown
/bin/universe          = unknown

PATH: /usr/local/rvm/gems/ruby-3.4.7/bin
PATH: /usr/local/rvm/gems/ruby-3.4.7@global/bin
PATH: /usr/local/rvm/rubies/ruby-3.4.7/bin
PATH: /vscode/bin/linux-x64/6928394f91b684055b873eecb8bc281365131f1c/bin/remote-cli
PATH: /home/codespace/.local/bin
PATH: /home/codespace/.dotnet
PATH: /home/codespace/nvm/current/bin
PATH: /home/codespace/.php/current/bin
PATH: /home/codespace/.python/current/bin
PATH: /home/codespace/java/current/bin
PATH: /home/codespace/.ruby/current/bin
PATH: /home/codespace/.local/bin
PATH: /usr/local/python/current/bin
PATH: /usr/local/py-utils/bin
PATH: /usr/local/jupyter
PATH: /usr/local/oryx
PATH: /usr/local/go/bin
PATH: /go/bin
PATH: /usr/local/sdkman/bin
PATH: /usr/local/sdkman/candidates/java/current/bin
PATH: /usr/local/sdkman/candidates/gradle/current/bin
PATH: /usr/local/sdkman/candidates/maven/current/bin
PATH: /usr/local/sdkman/candidates/ant/current/bin
PATH: /usr/local/rvm/gems/default/bin
PATH: /usr/local/rvm/gems/default@global/bin
PATH: /usr/local/rvm/rubies/default/bin
PATH: /usr/local/share/rbenv/bin
PATH: /usr/local/php/current/bin
PATH: /opt/conda/bin
PATH: /usr/local/nvs
PATH: /usr/local/share/nvm/versions/node/v24.14.0/bin
PATH: /usr/local/hugo/bin
PATH: /usr/local/sbin
PATH: /usr/local/bin
PATH: /usr/sbin
PATH: /usr/bin
PATH: /sbin
PATH: /bin
PATH: /usr/share/dotnet
PATH: /home/codespace/.dotnet/tools
PATH: /usr/local/rvm/bin


## ----------- ##
## Core tests. ##
## ----------- ##

configure:2375: checking for a BSD-compatible install
configure:2443: result: /usr/bin/install -c
configure:2454: checking whether build environment is sane
configure:2491: result: yes
configure:2553: checking for gawk
configure:2569: found /usr/bin/gawk
configure:2580: result: gawk
configure:2591: checking whether make sets $(MAKE)
configure:2613: result: yes
configure:2841: checking for gcc
configure:2857: found /usr/bin/gcc
configure:2868: result: gcc
configure:3097: checking for C compiler version
configure:3106: gcc --version >&5
gcc (Ubuntu 13.3.0-6ubuntu2~24.04.1) 13.3.0
Copyright (C) 2023 Free Software Foundation, Inc.
This is free software; see the source for copying conditions.  There is NO
warranty; not even for MERCHANTABILITY or FITNESS FOR A PARTICULAR PURPOSE.

configure:3117: $? = 0
configure:3106: gcc -v >&5
Using built-in specs.
COLLECT_GCC=gcc
COLLECT_LTO_WRAPPER=/usr/libexec/gcc/x86_64-linux-gnu/13/lto-wrapper
OFFLOAD_TARGET_NAMES=nvptx-none:amdgcn-amdhsa
OFFLOAD_TARGET_DEFAULT=1
Target: x86_64-linux-gnu
Configured with: ../src/configure -v --with-pkgversion='Ubuntu 13.3.0-6ubuntu2~24.04.1' --with-bugurl=file:///usr/share/doc/gcc-13/README.Bugs --enable-languages=c,ada,c++,go,d,fortran,objc,obj-c++,m2 --prefix=/usr --with-gcc-major-version-only --program-suffix=-13 --program-prefix=x86_64-linux-gnu- --enable-shared --enable-linker-build-id --libexecdir=/usr/libexec --without-included-gettext --enable-threads=posix --libdir=/usr/lib --enable-nls --enable-bootstrap --enable-clocale=gnu --enable-libstdcxx-debug --enable-libstdcxx-time=yes --with-default-libstdcxx-abi=new --enable-libstdcxx-backtrace --enable-gnu-unique-object --disable-vtable-verify --enable-plugin --enable-default-pie --with-system-zlib --enable-libphobos-checking=release --with-target-system-zlib=auto --enable-objc-gc=auto --enable-multiarch --disable-werror --enable-cet --with-arch-32=i686 --with-abi=m64 --with-multilib-list=m32,m64,mx32 --enable-multilib --with-tune=generic --enable-offload-targets=nvptx-none=/build/gcc-13-EldibY/gcc-13-13.3.0/debian/tmp-nvptx/usr,amdgcn-amdhsa=/build/gcc-13-EldibY/gcc-13-13.3.0/debian/tmp-gcn/usr --enable-offload-defaulted --without-cuda-driver --enable-checking=release --build=x86_64-linux-gnu --host=x86_64-linux-gnu --target=x86_64-linux-gnu --with-build-config=bootstrap-lto-lean --enable-link-serialization=2
Thread model: posix
Supported LTO compression algorithms: zlib zstd
gcc version 13.3.0 (Ubuntu 13.3.0-6ubuntu2~24.04.1) 
... rest of stderr output deleted ...
configure:3117: $? = 0
configure:3106: gcc -V >&5
gcc: error: unrecognized command-line option '-V'
gcc: fatal error: no input files
compilation terminated.
configure:3117: $? = 1
configure:3106: gcc -qversion >&5
gcc: error: unrecognized command-line option '-qversion'; did you mean '--version'?
gcc: fatal error: no input files
compilation terminated.
configure:3117: $? = 1
configure:3137: checking whether the C compiler works
configure:3159: gcc    conftest.c  >&5
configure:3163: $? = 0
configure:3212: result: yes
configure:3215: checking for C compiler default output file name
configure:3217: result: a.out
configure:3223: checking for suffix of executables
configure:3230: gcc -o conftest    conftest.c  >&5
configure:3234: $? = 0
configure:3256: result: 
configure:3278: checking whether we are cross compiling
configure:3286: gcc -o conftest    conftest.c  >&5
configure:3290: $? = 0
configure:3297: ./conftest
configure:3301: $? = 0
configure:3316: result: no
configure:3321: checking for suffix of object files
configure:3343: gcc -c   conftest.c >&5
configure:3347: $? = 0
configure:3368: result: o
configure:3372: checking whether we are using the GNU C compiler
configure:3391: gcc -c   conftest.c >&5
configure:3391: $? = 0
configure:3400: result: yes
configure:3409: checking whether gcc accepts -g
configure:3429: gcc -c -g  conftest.c >&5
configure:3429: $? = 0
configure:3470: result: yes
configure:3487: checking for gcc option to accept ISO C89
configure:3551: gcc  -c -g -O2  conftest.c >&5
configure:3551: $? = 0
configure:3564: result: none needed
configure:3595: checking for style of include used by make
configure:3623: result: GNU
configure:3651: checking dependency style of gcc
configure:3741: result: gcc3
configure:3802: checking for ranlib
configure:3818: found /usr/bin/ranlib
configure:3829: result: ranlib
configure:3856: checking how to run the C preprocessor
configure:3887: gcc -E -g -O2  conftest.c
configure:3887: $? = 0
configure:3901: gcc -E -g -O2  conftest.c
conftest.c:11:10: fatal error: ac_nonexistent.h: No such file or directory
   11 | #include <ac_nonexistent.h>
      |          ^~~~~~~~~~~~~~~~~~
compilation terminated.
configure:3901: $? = 1
configure: failed program was:
| /* confdefs.h */
| #define PACKAGE_NAME "GNU make"
| #define PACKAGE_TARNAME "make"
| #define PACKAGE_VERSION "3.81"
| #define PACKAGE_STRING "GNU make 3.81"
| #define PACKAGE_BUGREPORT "bug-make@gnu.org"
| #define PACKAGE_URL "http://www.gnu.org/software/make/"
| #define PACKAGE "make"
| #define VERSION "3.81"
| /* end confdefs.h.  */
| #include <ac_nonexistent.h>
configure:3926: result: gcc -E
configure:3946: gcc -E -g -O2  conftest.c
configure:3946: $? = 0
configure:3960: gcc -E -g -O2  conftest.c
conftest.c:11:10: fatal error: ac_nonexistent.h: No such file or directory
   11 | #include <ac_nonexistent.h>
      |          ^~~~~~~~~~~~~~~~~~
compilation terminated.
configure:3960: $? = 1
configure: failed program was:
| /* confdefs.h */
| #define PACKAGE_NAME "GNU make"
| #define PACKAGE_TARNAME "make"
| #define PACKAGE_VERSION "3.81"
| #define PACKAGE_STRING "GNU make 3.81"
| #define PACKAGE_BUGREPORT "bug-make@gnu.org"
| #define PACKAGE_URL "http://www.gnu.org/software/make/"
| #define PACKAGE "make"
| #define VERSION "3.81"
| /* end confdefs.h.  */
| #include <ac_nonexistent.h>
configure:3990: checking for ar
configure:4006: found /usr/bin/ar
configure:4018: result: ar
configure:4029: checking for perl
configure:4045: found /usr/bin/perl
configure:4057: result: perl
configure:4071: checking build system type
configure:4085: result: x86_64-unknown-linux-gnu
configure:4105: checking host system type
configure:4118: result: x86_64-unknown-linux-gnu
configure:4140: checking for grep that handles long lines and -e
configure:4198: result: /usr/bin/grep
configure:4203: checking for egrep
configure:4265: result: /usr/bin/grep -E
configure:4270: checking for ANSI C header files
configure:4290: gcc -c -g -O2  conftest.c >&5
configure:4290: $? = 0
configure:4363: gcc -o conftest -g -O2   conftest.c  >&5
configure:4363: $? = 0
configure:4363: ./conftest
configure:4363: $? = 0
configure:4374: result: yes
configure:4387: checking for sys/types.h
configure:4387: gcc -c -g -O2  conftest.c >&5
configure:4387: $? = 0
configure:4387: result: yes
configure:4387: checking for sys/stat.h
configure:4387: gcc -c -g -O2  conftest.c >&5
configure:4387: $? = 0
configure:4387: result: yes
configure:4387: checking for stdlib.h
configure:4387: gcc -c -g -O2  conftest.c >&5
configure:4387: $? = 0
configure:4387: result: yes
configure:4387: checking for string.h
configure:4387: gcc -c -g -O2  conftest.c >&5
configure:4387: $? = 0
configure:4387: result: yes
configure:4387: checking for memory.h
configure:4387: gcc -c -g -O2  conftest.c >&5
configure:4387: $? = 0
configure:4387: result: yes
configure:4387: checking for strings.h
configure:4387: gcc -c -g -O2  conftest.c >&5
configure:4387: $? = 0
configure:4387: result: yes
configure:4387: checking for inttypes.h
configure:4387: gcc -c -g -O2  conftest.c >&5
configure:4387: $? = 0
configure:4387: result: yes
configure:4387: checking for stdint.h
configure:4387: gcc -c -g -O2  conftest.c >&5
configure:4387: $? = 0
configure:4387: result: yes
configure:4387: checking for unistd.h
configure:4387: gcc -c -g -O2  conftest.c >&5
configure:4387: $? = 0
configure:4387: result: yes
configure:4401: checking minix/config.h usability
configure:4401: gcc -c -g -O2  conftest.c >&5
conftest.c:54:10: fatal error: minix/config.h: No such file or directory
   54 | #include <minix/config.h>
      |          ^~~~~~~~~~~~~~~~
compilation terminated.
configure:4401: $? = 1
configure: failed program was:
| /* confdefs.h */
| #define PACKAGE_NAME "GNU make"
| #define PACKAGE_TARNAME "make"
| #define PACKAGE_VERSION "3.81"
| #define PACKAGE_STRING "GNU make 3.81"
| #define PACKAGE_BUGREPORT "bug-make@gnu.org"
| #define PACKAGE_URL "http://www.gnu.org/software/make/"
| #define PACKAGE "make"
| #define VERSION "3.81"
| #define STDC_HEADERS 1
| #define HAVE_SYS_TYPES_H 1
| #define HAVE_SYS_STAT_H 1
| #define HAVE_STDLIB_H 1
| #define HAVE_STRING_H 1
| #define HAVE_MEMORY_H 1
| #define HAVE_STRINGS_H 1
| #define HAVE_INTTYPES_H 1
| #define HAVE_STDINT_H 1
| #define HAVE_UNISTD_H 1
| /* end confdefs.h.  */
| #include <stdio.h>
| #ifdef HAVE_SYS_TYPES_H
| # include <sys/types.h>
| #endif
| #ifdef HAVE_SYS_STAT_H
| # include <sys/stat.h>
| #endif
| #ifdef STDC_HEADERS
| # include <stdlib.h>
| # include <stddef.h>
| #else
| # ifdef HAVE_STDLIB_H
| #  include <stdlib.h>
| # endif
| #endif
| #ifdef HAVE_STRING_H
| # if !defined STDC_HEADERS && defined HAVE_MEMORY_H
| #  include <memory.h>
| # endif
| # include <string.h>
| #endif
| #ifdef HAVE_STRINGS_H
| # include <strings.h>
| #endif
| #ifdef HAVE_INTTYPES_H
| # include <inttypes.h>
| #endif
| #ifdef HAVE_STDINT_H
| # include <stdint.h>
| #endif
| #ifdef HAVE_UNISTD_H
| # include <unistd.h>
| #endif
| #include <minix/config.h>
configure:4401: result: no
configure:4401: checking minix/config.h presence
configure:4401: gcc -E -g -O2  conftest.c
conftest.c:21:10: fatal error: minix/config.h: No such file or directory
   21 | #include <minix/config.h>
      |          ^~~~~~~~~~~~~~~~
compilation terminated.
configure:4401: $? = 1
configure: failed program was:
| /* confdefs.h */
| #define PACKAGE_NAME "GNU make"
| #define PACKAGE_TARNAME "make"
| #define PACKAGE_VERSION "3.81"
| #define PACKAGE_STRING "GNU make 3.81"
| #define PACKAGE_BUGREPORT "bug-make@gnu.org"
| #define PACKAGE_URL "http://www.gnu.org/software/make/"
| #define PACKAGE "make"
| #define VERSION "3.81"
| #define STDC_HEADERS 1
| #define HAVE_SYS_TYPES_H 1
| #define HAVE_SYS_STAT_H 1
| #define HAVE_STDLIB_H 1
| #define HAVE_STRING_H 1
| #define HAVE_MEMORY_H 1
| #define HAVE_STRINGS_H 1
| #define HAVE_INTTYPES_H 1
| #define HAVE_STDINT_H 1
| #define HAVE_UNISTD_H 1
| /* end confdefs.h.  */
| #include <minix/config.h>
configure:4401: result: no
configure:4401: checking for minix/config.h
configure:4401: result: no
configure:4422: checking whether it is safe to define __EXTENSIONS__
configure:4440: gcc -c -g -O2  conftest.c >&5
configure:4440: $? = 0
configure:4447: result: yes
configure:4462: checking for library containing strerror
configure:4493: gcc -o conftest -g -O2   conftest.c  >&5
configure:4493: $? = 0
configure:4510: result: none required
configure:4521: checking for function prototypes
configure:4524: result: yes
configure:4547: checking for string.h
configure:4547: result: yes
configure:4576: checking whether NLS is requested
configure:4585: result: yes
configure:4623: checking for msgfmt
configure:4654: result: /usr/bin/msgfmt
configure:4663: checking for gmsgfmt
configure:4694: result: /usr/bin/msgfmt
configure:4734: checking for xgettext
configure:4765: result: /usr/bin/xgettext
configure:4805: checking for msgmerge
configure:4835: result: /usr/bin/msgmerge
configure:4910: checking for ld used by GCC
configure:4974: result: /usr/bin/ld
configure:4981: checking if the linker (/usr/bin/ld) is GNU ld
configure:4994: result: yes
configure:5000: checking for shared library run path origin
configure:5013: result: done
configure:5429: checking whether NLS is requested
configure:5438: result: yes
configure:5456: checking for GNU gettext in libc
configure:5475: gcc -o conftest -g -O2   conftest.c  >&5
conftest.c: In function 'main':
conftest.c:36:8: warning: cast from pointer to integer of different size [-Wpointer-to-int-cast]
   36 | return (int) gettext ("") + _nl_msg_cat_cntr + *_nl_domain_bindings
      |        ^
configure:5475: $? = 0
configure:5483: result: yes
configure:6063: checking whether to use NLS
configure:6065: result: yes
configure:6068: checking where the gettext function comes from
configure:6079: result: libc
configure:6147: checking for special C compiler options needed for large files
configure:6192: result: no
configure:6198: checking for _FILE_OFFSET_BITS value needed for large files
configure:6223: gcc -c -g -O2  conftest.c >&5
configure:6223: $? = 0
configure:6255: result: no
configure:6340: checking for library containing getpwnam
configure:6371: gcc -o conftest -g -O2   conftest.c  >&5
configure:6371: $? = 0
configure:6388: result: none required
configure:6398: checking for ANSI C header files
configure:6502: result: yes
configure:6513: checking for dirent.h that defines DIR
configure:6532: gcc -c -g -O2  conftest.c >&5
configure:6532: $? = 0
configure:6540: result: yes
configure:6554: checking for library containing opendir
configure:6585: gcc -o conftest -g -O2   conftest.c  >&5
configure:6585: $? = 0
configure:6602: result: none required
configure:6669: checking whether stat file-mode macros are broken
configure:6696: gcc -c -g -O2  conftest.c >&5
configure:6696: $? = 0
configure:6703: result: no
configure:6711: checking whether time.h and sys/time.h may both be included
configure:6731: gcc -c -g -O2  conftest.c >&5
configure:6731: $? = 0
configure:6738: result: yes
configure:6750: checking for stdlib.h
configure:6750: result: yes
configure:6750: checking locale.h usability
configure:6750: gcc -c -g -O2  conftest.c >&5
configure:6750: $? = 0
configure:6750: result: yes
configure:6750: checking locale.h presence
configure:6750: gcc -E -g -O2  conftest.c
configure:6750: $? = 0
configure:6750: result: yes
configure:6750: checking for locale.h
configure:6750: result: yes
configure:6750: checking for unistd.h
configure:6750: result: yes
configure:6750: checking limits.h usability
configure:6750: gcc -c -g -O2  conftest.c >&5
configure:6750: $? = 0
configure:6750: result: yes
configure:6750: checking limits.h presence
configure:6750: gcc -E -g -O2  conftest.c
configure:6750: $? = 0
configure:6750: result: yes
configure:6750: checking for limits.h
configure:6750: result: yes
configure:6750: checking fcntl.h usability
configure:6750: gcc -c -g -O2  conftest.c >&5
configure:6750: $? = 0
configure:6750: result: yes
configure:6750: checking fcntl.h presence
configure:6750: gcc -E -g -O2  conftest.c
configure:6750: $? = 0
configure:6750: result: yes
configure:6750: checking for fcntl.h
configure:6750: result: yes
configure:6750: checking for string.h
configure:6750: result: yes
configure:6750: checking for memory.h
configure:6750: result: yes
configure:6750: checking sys/param.h usability
configure:6750: gcc -c -g -O2  conftest.c >&5
configure:6750: $? = 0
configure:6750: result: yes
configure:6750: checking sys/param.h presence
configure:6750: gcc -E -g -O2  conftest.c
configure:6750: $? = 0
configure:6750: result: yes
configure:6750: checking for sys/param.h
configure:6750: result: yes
configure:6750: checking sys/resource.h usability
configure:6750: gcc -c -g -O2  conftest.c >&5
configure:6750: $? = 0
configure:6750: result: yes
configure:6750: checking sys/resource.h presence
configure:6750: gcc -E -g -O2  conftest.c
configure:6750: $? = 0
configure:6750: result: yes
configure:6750: checking for sys/resource.h
configure:6750: result: yes
configure:6750: checking sys/time.h usability
configure:6750: gcc -c -g -O2  conftest.c >&5
configure:6750: $? = 0
configure:6750: result: yes
configure:6750: checking sys/time.h presence
configure:6750: gcc -E -g -O2  conftest.c
configure:6750: $? = 0
configure:6750: result: yes
configure:6750: checking for sys/time.h
configure:6750: result: yes
configure:6750: checking sys/timeb.h usability
configure:6750: gcc -c -g -O2  conftest.c >&5
configure:6750: $? = 0
configure:6750: result: yes
configure:6750: checking sys/timeb.h presence
configure:6750: gcc -E -g -O2  conftest.c
configure:6750: $? = 0
configure:6750: result: yes
configure:6750: checking for sys/timeb.h
configure:6750: result: yes
configure:6774: checking stdarg.h usability
configure:6774: gcc -c -g -O2  conftest.c >&5
configure:6774: $? = 0
configure:6774: result: yes
configure:6774: checking stdarg.h presence
configure:6774: gcc -E -g -O2  conftest.c
configure:6774: $? = 0
configure:6774: result: yes
configure:6774: checking for stdarg.h
configure:6774: result: yes
configure:6787: checking whether gcc and cc understand -c and -o together
configure:6818: gcc -c conftest.c -o conftest2.o >&5
configure:6822: $? = 0
configure:6828: gcc -c conftest.c -o conftest2.o >&5
configure:6832: $? = 0
configure:6843: cc -c conftest.c >&5
configure:6847: $? = 0
configure:6855: cc -c conftest.c -o conftest2.o >&5
configure:6859: $? = 0
configure:6865: cc -c conftest.c -o conftest2.o >&5
configure:6869: $? = 0
configure:6887: result: yes
configure:6910: checking for an ANSI C-conforming const
configure:6975: gcc -c -g -O2  conftest.c >&5
configure:6975: $? = 0
configure:6982: result: yes
configure:6990: checking return type of signal handlers
configure:7008: gcc -c -g -O2  conftest.c >&5
conftest.c: In function 'main':
conftest.c:54:10: error: void value not ignored as it ought to be
   54 | return *(signal (0, 0)) (0) == 1;
      |         ~^~~~~~~~~~~~~~~~~~
configure:7008: $? = 1
configure: failed program was:
| /* confdefs.h */
| #define PACKAGE_NAME "GNU make"
| #define PACKAGE_TARNAME "make"
| #define PACKAGE_VERSION "3.81"
| #define PACKAGE_STRING "GNU make 3.81"
| #define PACKAGE_BUGREPORT "bug-make@gnu.org"
| #define PACKAGE_URL "http://www.gnu.org/software/make/"
| #define PACKAGE "make"
| #define VERSION "3.81"
| #define STDC_HEADERS 1
| #define HAVE_SYS_TYPES_H 1
| #define HAVE_SYS_STAT_H 1
| #define HAVE_STDLIB_H 1
| #define HAVE_STRING_H 1
| #define HAVE_MEMORY_H 1
| #define HAVE_STRINGS_H 1
| #define HAVE_INTTYPES_H 1
| #define HAVE_STDINT_H 1
| #define HAVE_UNISTD_H 1
| #define __EXTENSIONS__ 1
| #define _ALL_SOURCE 1
| #define _GNU_SOURCE 1
| #define _POSIX_PTHREAD_SEMANTICS 1
| #define _TANDEM_SOURCE 1
| #define PROTOTYPES 1
| #define __PROTOTYPES 1
| #define HAVE_STRING_H 1
| #define ENABLE_NLS 1
| #define HAVE_GETTEXT 1
| #define HAVE_DCGETTEXT 1
| #define STDC_HEADERS 1
| #define HAVE_DIRENT_H 1
| #define TIME_WITH_SYS_TIME 1
| #define HAVE_STDLIB_H 1
| #define HAVE_LOCALE_H 1
| #define HAVE_UNISTD_H 1
| #define HAVE_LIMITS_H 1
| #define HAVE_FCNTL_H 1
| #define HAVE_STRING_H 1
| #define HAVE_MEMORY_H 1
| #define HAVE_SYS_PARAM_H 1
| #define HAVE_SYS_RESOURCE_H 1
| #define HAVE_SYS_TIME_H 1
| #define HAVE_SYS_TIMEB_H 1
| #define HAVE_ANSI_COMPILER 1
| #define HAVE_STDARG_H 1
| /* end confdefs.h.  */
| #include <sys/types.h>
| #include <signal.h>
| 
| int
| main ()
| {
| return *(signal (0, 0)) (0) == 1;
|   ;
|   return 0;
| }
configure:7015: result: void
configure:7023: checking for uid_t in sys/types.h
configure:7042: result: yes
configure:7053: checking for pid_t
configure:7053: gcc -c -g -O2  conftest.c >&5
configure:7053: $? = 0
configure:7053: gcc -c -g -O2  conftest.c >&5
conftest.c: In function 'main':
conftest.c:85:20: error: expected expression before ')' token
   85 | if (sizeof ((pid_t)))
      |                    ^
configure:7053: $? = 1
configure: failed program was:
| /* confdefs.h */
| #define PACKAGE_NAME "GNU make"
| #define PACKAGE_TARNAME "make"
| #define PACKAGE_VERSION "3.81"
| #define PACKAGE_STRING "GNU make 3.81"
| #define PACKAGE_BUGREPORT "bug-make@gnu.org"
| #define PACKAGE_URL "http://www.gnu.org/software/make/"
| #define PACKAGE "make"
| #define VERSION "3.81"
| #define STDC_HEADERS 1
| #define HAVE_SYS_TYPES_H 1
| #define HAVE_SYS_STAT_H 1
| #define HAVE_STDLIB_H 1
| #define HAVE_STRING_H 1
| #define HAVE_MEMORY_H 1
| #define HAVE_STRINGS_H 1
| #define HAVE_INTTYPES_H 1
| #define HAVE_STDINT_H 1
| #define HAVE_UNISTD_H 1
| #define __EXTENSIONS__ 1
| #define _ALL_SOURCE 1
| #define _GNU_SOURCE 1
| #define _POSIX_PTHREAD_SEMANTICS 1
| #define _TANDEM_SOURCE 1
| #define PROTOTYPES 1
| #define __PROTOTYPES 1
| #define HAVE_STRING_H 1
| #define ENABLE_NLS 1
| #define HAVE_GETTEXT 1
| #define HAVE_DCGETTEXT 1
| #define STDC_HEADERS 1
| #define HAVE_DIRENT_H 1
| #define TIME_WITH_SYS_TIME 1
| #define HAVE_STDLIB_H 1
| #define HAVE_LOCALE_H 1
| #define HAVE_UNISTD_H 1
| #define HAVE_LIMITS_H 1
| #define HAVE_FCNTL_H 1
| #define HAVE_STRING_H 1
| #define HAVE_MEMORY_H 1
| #define HAVE_SYS_PARAM_H 1
| #define HAVE_SYS_RESOURCE_H 1
| #define HAVE_SYS_TIME_H 1
| #define HAVE_SYS_TIMEB_H 1
| #define HAVE_ANSI_COMPILER 1
| #define HAVE_STDARG_H 1
| #define RETSIGTYPE void
| /* end confdefs.h.  */
| #include <stdio.h>
| #ifdef HAVE_SYS_TYPES_H
| # include <sys/types.h>
| #endif
| #ifdef HAVE_SYS_STAT_H
| # include <sys/stat.h>
| #endif
| #ifdef STDC_HEADERS
| # include <stdlib.h>
| # include <stddef.h>
| #else
| # ifdef HAVE_STDLIB_H
| #  include <stdlib.h>
| # endif
| #endif
| #ifdef HAVE_STRING_H
| # if !defined STDC_HEADERS && defined HAVE_MEMORY_H
| #  include <memory.h>
| # endif
| # include <string.h>
| #endif
| #ifdef HAVE_STRINGS_H
| # include <strings.h>
| #endif
| #ifdef HAVE_INTTYPES_H
| # include <inttypes.h>
| #endif
| #ifdef HAVE_STDINT_H
| # include <stdint.h>
| #endif
| #ifdef HAVE_UNISTD_H
| # include <unistd.h>
| #endif
| int
| main ()
| {
| if (sizeof ((pid_t)))
| 	    return 0;
|   ;
|   return 0;
| }
configure:7053: result: yes
configure:7067: checking for uintmax_t
configure:7067: gcc -c -g -O2  conftest.c >&5
configure:7067: $? = 0
configure:7067: gcc -c -g -O2  conftest.c >&5
conftest.c: In function 'main':
conftest.c:85:24: error: expected expression before ')' token
   85 | if (sizeof ((uintmax_t)))
      |                        ^
configure:7067: $? = 1
configure: failed program was:
| /* confdefs.h */
| #define PACKAGE_NAME "GNU make"
| #define PACKAGE_TARNAME "make"
| #define PACKAGE_VERSION "3.81"
| #define PACKAGE_STRING "GNU make 3.81"
| #define PACKAGE_BUGREPORT "bug-make@gnu.org"
| #define PACKAGE_URL "http://www.gnu.org/software/make/"
| #define PACKAGE "make"
| #define VERSION "3.81"
| #define STDC_HEADERS 1
| #define HAVE_SYS_TYPES_H 1
| #define HAVE_SYS_STAT_H 1
| #define HAVE_STDLIB_H 1
| #define HAVE_STRING_H 1
| #define HAVE_MEMORY_H 1
| #define HAVE_STRINGS_H 1
| #define HAVE_INTTYPES_H 1
| #define HAVE_STDINT_H 1
| #define HAVE_UNISTD_H 1
| #define __EXTENSIONS__ 1
| #define _ALL_SOURCE 1
| #define _GNU_SOURCE 1
| #define _POSIX_PTHREAD_SEMANTICS 1
| #define _TANDEM_SOURCE 1
| #define PROTOTYPES 1
| #define __PROTOTYPES 1
| #define HAVE_STRING_H 1
| #define ENABLE_NLS 1
| #define HAVE_GETTEXT 1
| #define HAVE_DCGETTEXT 1
| #define STDC_HEADERS 1
| #define HAVE_DIRENT_H 1
| #define TIME_WITH_SYS_TIME 1
| #define HAVE_STDLIB_H 1
| #define HAVE_LOCALE_H 1
| #define HAVE_UNISTD_H 1
| #define HAVE_LIMITS_H 1
| #define HAVE_FCNTL_H 1
| #define HAVE_STRING_H 1
| #define HAVE_MEMORY_H 1
| #define HAVE_SYS_PARAM_H 1
| #define HAVE_SYS_RESOURCE_H 1
| #define HAVE_SYS_TIME_H 1
| #define HAVE_SYS_TIMEB_H 1
| #define HAVE_ANSI_COMPILER 1
| #define HAVE_STDARG_H 1
| #define RETSIGTYPE void
| /* end confdefs.h.  */
| #include <stdio.h>
| #ifdef HAVE_SYS_TYPES_H
| # include <sys/types.h>
| #endif
| #ifdef HAVE_SYS_STAT_H
| # include <sys/stat.h>
| #endif
| #ifdef STDC_HEADERS
| # include <stdlib.h>
| # include <stddef.h>
| #else
| # ifdef HAVE_STDLIB_H
| #  include <stdlib.h>
| # endif
| #endif
| #ifdef HAVE_STRING_H
| # if !defined STDC_HEADERS && defined HAVE_MEMORY_H
| #  include <memory.h>
| # endif
| # include <string.h>
| #endif
| #ifdef HAVE_STRINGS_H
| # include <strings.h>
| #endif
| #ifdef HAVE_INTTYPES_H
| # include <inttypes.h>
| #endif
| #ifdef HAVE_STDINT_H
| # include <stdint.h>
| #endif
| #ifdef HAVE_UNISTD_H
| # include <unistd.h>
| #endif
| int
| main ()
| {
| if (sizeof ((uintmax_t)))
| 	    return 0;
|   ;
|   return 0;
| }
configure:7067: result: yes
configure:7088: checking for nanoseconds field of struct stat.st_mtim
configure:7115: gcc -c -g -O2  -DST_MTIM_NSEC=tv_nsec conftest.c >&5
configure:7115: $? = 0
configure:7123: result: tv_nsec
configure:7135: checking whether to use high resolution file timestamps
configure:7157: gcc -c -g -O2  conftest.c >&5
configure:7157: $? = 0
configure:7164: result: yes
configure:7180: checking for library containing clock_gettime
configure:7211: gcc -o conftest -g -O2   conftest.c  >&5
configure:7211: $? = 0
configure:7228: result: none required
configure:7245: checking whether system uses MSDOS-style paths
configure:7259: gcc -c -g -O2  conftest.c >&5
conftest.c:54:1: error: unknown type name 'neither'
   54 | neither MSDOS nor Windows nor OS2
      | ^~~~~~~
conftest.c:54:15: error: expected '=', ',', ';', 'asm' or '__attribute__' before 'nor'
   54 | neither MSDOS nor Windows nor OS2
      |               ^~~
conftest.c:54:15: error: unknown type name 'nor'
configure:7259: $? = 1
configure: failed program was:
| /* confdefs.h */
| #define PACKAGE_NAME "GNU make"
| #define PACKAGE_TARNAME "make"
| #define PACKAGE_VERSION "3.81"
| #define PACKAGE_STRING "GNU make 3.81"
| #define PACKAGE_BUGREPORT "bug-make@gnu.org"
| #define PACKAGE_URL "http://www.gnu.org/software/make/"
| #define PACKAGE "make"
| #define VERSION "3.81"
| #define STDC_HEADERS 1
| #define HAVE_SYS_TYPES_H 1
| #define HAVE_SYS_STAT_H 1
| #define HAVE_STDLIB_H 1
| #define HAVE_STRING_H 1
| #define HAVE_MEMORY_H 1
| #define HAVE_STRINGS_H 1
| #define HAVE_INTTYPES_H 1
| #define HAVE_STDINT_H 1
| #define HAVE_UNISTD_H 1
| #define __EXTENSIONS__ 1
| #define _ALL_SOURCE 1
| #define _GNU_SOURCE 1
| #define _POSIX_PTHREAD_SEMANTICS 1
| #define _TANDEM_SOURCE 1
| #define PROTOTYPES 1
| #define __PROTOTYPES 1
| #define HAVE_STRING_H 1
| #define ENABLE_NLS 1
| #define HAVE_GETTEXT 1
| #define HAVE_DCGETTEXT 1
| #define STDC_HEADERS 1
| #define HAVE_DIRENT_H 1
| #define TIME_WITH_SYS_TIME 1
| #define HAVE_STDLIB_H 1
| #define HAVE_LOCALE_H 1
| #define HAVE_UNISTD_H 1
| #define HAVE_LIMITS_H 1
| #define HAVE_FCNTL_H 1
| #define HAVE_STRING_H 1
| #define HAVE_MEMORY_H 1
| #define HAVE_SYS_PARAM_H 1
| #define HAVE_SYS_RESOURCE_H 1
| #define HAVE_SYS_TIME_H 1
| #define HAVE_SYS_TIMEB_H 1
| #define HAVE_ANSI_COMPILER 1
| #define HAVE_STDARG_H 1
| #define RETSIGTYPE void
| #define ST_MTIM_NSEC tv_nsec
| #define FILE_TIMESTAMP_HI_RES 1
| #define HAVE_CLOCK_GETTIME 1
| /* end confdefs.h.  */
| 
| #if !defined _WIN32 && !defined __WIN32__ && !defined __MSDOS__ && !defined __EMX__ && !defined __MSYS__
| neither MSDOS nor Windows nor OS2
| #endif
| 
configure:7267: result: no
configure:7282: checking for standard gettimeofday
configure:7301: gcc -o conftest -g -O2   conftest.c  >&5
conftest.c: In function 'main':
conftest.c:56:21: warning: implicit declaration of function 'exit' [-Wimplicit-function-declaration]
   56 |                     exit (gettimeofday (&t, 0) != 0
      |                     ^~~~
conftest.c:53:1: note: include '<stdlib.h>' or provide a declaration of 'exit'
   52 | #include <sys/time.h>
  +++ |+#include <stdlib.h>
   53 |                   int main ()
conftest.c:56:21: warning: incompatible implicit declaration of built-in function 'exit' [-Wbuiltin-declaration-mismatch]
   56 |                     exit (gettimeofday (&t, 0) != 0
      |                     ^~~~
conftest.c:56:21: note: include '<stdlib.h>' or provide a declaration of 'exit'
configure:7301: $? = 0
configure:7301: ./conftest
configure:7301: $? = 0
configure:7311: result: yes
configure:7326: checking for memcpy
configure:7326: gcc -o conftest -g -O2   conftest.c  >&5
conftest.c:76:6: warning: conflicting types for built-in function 'memcpy'; expected 'void *(void *, const void *, long unsigned int)' [-Wbuiltin-declaration-mismatch]
   76 | char memcpy ();
      |      ^~~~~~
conftest.c:64:1: note: 'memcpy' is declared in header '<string.h>'
   63 | # include <limits.h>
   64 | #else
configure:7326: $? = 0
configure:7326: result: yes
configure:7326: checking for memmove
configure:7326: gcc -o conftest -g -O2   conftest.c  >&5
conftest.c:77:6: warning: conflicting types for built-in function 'memmove'; expected 'void *(void *, const void *, long unsigned int)' [-Wbuiltin-declaration-mismatch]
   77 | char memmove ();
      |      ^~~~~~~
conftest.c:65:1: note: 'memmove' is declared in header '<string.h>'
   64 | # include <limits.h>
   65 | #else
configure:7326: $? = 0
configure:7326: result: yes
configure:7326: checking for strchr
configure:7326: gcc -o conftest -g -O2   conftest.c  >&5
conftest.c:78:6: warning: conflicting types for built-in function 'strchr'; expected 'char *(const char *, int)' [-Wbuiltin-declaration-mismatch]
   78 | char strchr ();
      |      ^~~~~~
conftest.c:66:1: note: 'strchr' is declared in header '<string.h>'
   65 | # include <limits.h>
   66 | #else
configure:7326: $? = 0
configure:7326: result: yes
configure:7326: checking for strdup
configure:7326: gcc -o conftest -g -O2   conftest.c  >&5
conftest.c:79:6: warning: conflicting types for built-in function 'strdup'; expected 'char *(const char *)' [-Wbuiltin-declaration-mismatch]
   79 | char strdup ();
      |      ^~~~~~
configure:7326: $? = 0
configure:7326: result: yes
configure:7326: checking for mkstemp
configure:7326: gcc -o conftest -g -O2   conftest.c  >&5
configure:7326: $? = 0
configure:7326: result: yes
configure:7326: checking for mktemp
configure:7326: gcc -o conftest -g -O2   conftest.c  >&5
/usr/bin/ld: /tmp/ccr6sblP.o: in function `main':
/workspaces/rebuild-tplink-neffos-y5-kernel/rebuild/ndk/sources/host-tools/make-3.81/conftest.c:92:(.text.startup+0xb): warning: the use of `mktemp' is dangerous, better use `mkstemp' or `mkdtemp'
configure:7326: $? = 0
configure:7326: result: yes
configure:7326: checking for fdopen
configure:7326: gcc -o conftest -g -O2   conftest.c  >&5
configure:7326: $? = 0
configure:7326: result: yes
configure:7326: checking for bsd_signal
configure:7326: gcc -o conftest -g -O2   conftest.c  >&5
configure:7326: $? = 0
configure:7326: result: yes
configure:7326: checking for dup2
configure:7326: gcc -o conftest -g -O2   conftest.c  >&5
configure:7326: $? = 0
configure:7326: result: yes
configure:7326: checking for getcwd
configure:7326: gcc -o conftest -g -O2   conftest.c  >&5
configure:7326: $? = 0
configure:7326: result: yes
configure:7326: checking for realpath
configure:7326: gcc -o conftest -g -O2   conftest.c  >&5
configure:7326: $? = 0
configure:7326: result: yes
configure:7326: checking for sigsetmask
configure:7326: gcc -o conftest -g -O2   conftest.c  >&5
configure:7326: $? = 0
configure:7326: result: yes
configure:7326: checking for sigaction
configure:7326: gcc -o conftest -g -O2   conftest.c  >&5
configure:7326: $? = 0
configure:7326: result: yes
configure:7326: checking for getgroups
configure:7326: gcc -o conftest -g -O2   conftest.c  >&5
configure:7326: $? = 0
configure:7326: result: yes
configure:7326: checking for seteuid
configure:7326: gcc -o conftest -g -O2   conftest.c  >&5
configure:7326: $? = 0
configure:7326: result: yes
configure:7326: checking for setegid
configure:7326: gcc -o conftest -g -O2   conftest.c  >&5
configure:7326: $? = 0
configure:7326: result: yes
configure:7326: checking for setlinebuf
configure:7326: gcc -o conftest -g -O2   conftest.c  >&5
configure:7326: $? = 0
configure:7326: result: yes
configure:7326: checking for setreuid
configure:7326: gcc -o conftest -g -O2   conftest.c  >&5
configure:7326: $? = 0
configure:7326: result: yes
configure:7326: checking for setregid
configure:7326: gcc -o conftest -g -O2   conftest.c  >&5
configure:7326: $? = 0
configure:7326: result: yes
configure:7326: checking for getrlimit
configure:7326: gcc -o conftest -g -O2   conftest.c  >&5
configure:7326: $? = 0
configure:7326: result: yes
configure:7326: checking for setrlimit
configure:7326: gcc -o conftest -g -O2   conftest.c  >&5
configure:7326: $? = 0
configure:7326: result: yes
configure:7326: checking for setvbuf
configure:7326: gcc -o conftest -g -O2   conftest.c  >&5
configure:7326: $? = 0
configure:7326: result: yes
configure:7326: checking for pipe
configure:7326: gcc -o conftest -g -O2   conftest.c  >&5
configure:7326: $? = 0
configure:7326: result: yes
configure:7326: checking for strerror
configure:7326: gcc -o conftest -g -O2   conftest.c  >&5
configure:7326: $? = 0
configure:7326: result: yes
configure:7326: checking for strsignal
configure:7326: gcc -o conftest -g -O2   conftest.c  >&5
configure:7326: $? = 0
configure:7326: result: yes
configure:7326: checking for lstat
configure:7326: gcc -o conftest -g -O2   conftest.c  >&5
configure:7326: $? = 0
configure:7326: result: yes
configure:7326: checking for readlink
configure:7326: gcc -o conftest -g -O2   conftest.c  >&5
configure:7326: $? = 0
configure:7326: result: yes
configure:7326: checking for atexit
configure:7326: gcc -o conftest -g -O2   conftest.c  >&5
configure:7326: $? = 0
configure:7326: result: yes
configure:7346: checking for working strcoll
configure:7367: gcc -o conftest -g -O2   conftest.c  >&5
configure:7367: $? = 0
configure:7367: ./conftest
configure:7367: $? = 0
configure:7377: result: yes
configure:7388: checking for working alloca.h
configure:7405: gcc -o conftest -g -O2   conftest.c  >&5
configure:7405: $? = 0
configure:7413: result: yes
configure:7421: checking for alloca
configure:7458: gcc -o conftest -g -O2   conftest.c  >&5
configure:7458: $? = 0
configure:7466: result: yes
configure:7578: checking vfork.h usability
configure:7578: gcc -c -g -O2  conftest.c >&5
conftest.c:117:10: fatal error: vfork.h: No such file or directory
  117 | #include <vfork.h>
      |          ^~~~~~~~~
compilation terminated.
configure:7578: $? = 1
configure: failed program was:
| /* confdefs.h */
| #define PACKAGE_NAME "GNU make"
| #define PACKAGE_TARNAME "make"
| #define PACKAGE_VERSION "3.81"
| #define PACKAGE_STRING "GNU make 3.81"
| #define PACKAGE_BUGREPORT "bug-make@gnu.org"
| #define PACKAGE_URL "http://www.gnu.org/software/make/"
| #define PACKAGE "make"
| #define VERSION "3.81"
| #define STDC_HEADERS 1
| #define HAVE_SYS_TYPES_H 1
| #define HAVE_SYS_STAT_H 1
| #define HAVE_STDLIB_H 1
| #define HAVE_STRING_H 1
| #define HAVE_MEMORY_H 1
| #define HAVE_STRINGS_H 1
| #define HAVE_INTTYPES_H 1
| #define HAVE_STDINT_H 1
| #define HAVE_UNISTD_H 1
| #define __EXTENSIONS__ 1
| #define _ALL_SOURCE 1
| #define _GNU_SOURCE 1
| #define _POSIX_PTHREAD_SEMANTICS 1
| #define _TANDEM_SOURCE 1
| #define PROTOTYPES 1
| #define __PROTOTYPES 1
| #define HAVE_STRING_H 1
| #define ENABLE_NLS 1
| #define HAVE_GETTEXT 1
| #define HAVE_DCGETTEXT 1
| #define STDC_HEADERS 1
| #define HAVE_DIRENT_H 1
| #define TIME_WITH_SYS_TIME 1
| #define HAVE_STDLIB_H 1
| #define HAVE_LOCALE_H 1
| #define HAVE_UNISTD_H 1
| #define HAVE_LIMITS_H 1
| #define HAVE_FCNTL_H 1
| #define HAVE_STRING_H 1
| #define HAVE_MEMORY_H 1
| #define HAVE_SYS_PARAM_H 1
| #define HAVE_SYS_RESOURCE_H 1
| #define HAVE_SYS_TIME_H 1
| #define HAVE_SYS_TIMEB_H 1
| #define HAVE_ANSI_COMPILER 1
| #define HAVE_STDARG_H 1
| #define RETSIGTYPE void
| #define ST_MTIM_NSEC tv_nsec
| #define FILE_TIMESTAMP_HI_RES 1
| #define HAVE_CLOCK_GETTIME 1
| #define HAVE_GETTIMEOFDAY 1
| #define HAVE_MEMCPY 1
| #define HAVE_MEMMOVE 1
| #define HAVE_STRCHR 1
| #define HAVE_STRDUP 1
| #define HAVE_MKSTEMP 1
| #define HAVE_MKTEMP 1
| #define HAVE_FDOPEN 1
| #define HAVE_BSD_SIGNAL 1
| #define HAVE_DUP2 1
| #define HAVE_GETCWD 1
| #define HAVE_REALPATH 1
| #define HAVE_SIGSETMASK 1
| #define HAVE_SIGACTION 1
| #define HAVE_GETGROUPS 1
| #define HAVE_SETEUID 1
| #define HAVE_SETEGID 1
| #define HAVE_SETLINEBUF 1
| #define HAVE_SETREUID 1
| #define HAVE_SETREGID 1
| #define HAVE_GETRLIMIT 1
| #define HAVE_SETRLIMIT 1
| #define HAVE_SETVBUF 1
| #define HAVE_PIPE 1
| #define HAVE_STRERROR 1
| #define HAVE_STRSIGNAL 1
| #define HAVE_LSTAT 1
| #define HAVE_READLINK 1
| #define HAVE_ATEXIT 1
| #define HAVE_STRCOLL 1
| #define HAVE_ALLOCA_H 1
| #define HAVE_ALLOCA 1
| /* end confdefs.h.  */
| #include <stdio.h>
| #ifdef HAVE_SYS_TYPES_H
| # include <sys/types.h>
| #endif
| #ifdef HAVE_SYS_STAT_H
| # include <sys/stat.h>
| #endif
| #ifdef STDC_HEADERS
| # include <stdlib.h>
| # include <stddef.h>
| #else
| # ifdef HAVE_STDLIB_H
| #  include <stdlib.h>
| # endif
| #endif
| #ifdef HAVE_STRING_H
| # if !defined STDC_HEADERS && defined HAVE_MEMORY_H
| #  include <memory.h>
| # endif
| # include <string.h>
| #endif
| #ifdef HAVE_STRINGS_H
| # include <strings.h>
| #endif
| #ifdef HAVE_INTTYPES_H
| # include <inttypes.h>
| #endif
| #ifdef HAVE_STDINT_H
| # include <stdint.h>
| #endif
| #ifdef HAVE_UNISTD_H
| # include <unistd.h>
| #endif
| #include <vfork.h>
configure:7578: result: no
configure:7578: checking vfork.h presence
configure:7578: gcc -E -g -O2  conftest.c
conftest.c:84:10: fatal error: vfork.h: No such file or directory
   84 | #include <vfork.h>
      |          ^~~~~~~~~
compilation terminated.
configure:7578: $? = 1
configure: failed program was:
| /* confdefs.h */
| #define PACKAGE_NAME "GNU make"
| #define PACKAGE_TARNAME "make"
| #define PACKAGE_VERSION "3.81"
| #define PACKAGE_STRING "GNU make 3.81"
| #define PACKAGE_BUGREPORT "bug-make@gnu.org"
| #define PACKAGE_URL "http://www.gnu.org/software/make/"
| #define PACKAGE "make"
| #define VERSION "3.81"
| #define STDC_HEADERS 1
| #define HAVE_SYS_TYPES_H 1
| #define HAVE_SYS_STAT_H 1
| #define HAVE_STDLIB_H 1
| #define HAVE_STRING_H 1
| #define HAVE_MEMORY_H 1
| #define HAVE_STRINGS_H 1
| #define HAVE_INTTYPES_H 1
| #define HAVE_STDINT_H 1
| #define HAVE_UNISTD_H 1
| #define __EXTENSIONS__ 1
| #define _ALL_SOURCE 1
| #define _GNU_SOURCE 1
| #define _POSIX_PTHREAD_SEMANTICS 1
| #define _TANDEM_SOURCE 1
| #define PROTOTYPES 1
| #define __PROTOTYPES 1
| #define HAVE_STRING_H 1
| #define ENABLE_NLS 1
| #define HAVE_GETTEXT 1
| #define HAVE_DCGETTEXT 1
| #define STDC_HEADERS 1
| #define HAVE_DIRENT_H 1
| #define TIME_WITH_SYS_TIME 1
| #define HAVE_STDLIB_H 1
| #define HAVE_LOCALE_H 1
| #define HAVE_UNISTD_H 1
| #define HAVE_LIMITS_H 1
| #define HAVE_FCNTL_H 1
| #define HAVE_STRING_H 1
| #define HAVE_MEMORY_H 1
| #define HAVE_SYS_PARAM_H 1
| #define HAVE_SYS_RESOURCE_H 1
| #define HAVE_SYS_TIME_H 1
| #define HAVE_SYS_TIMEB_H 1
| #define HAVE_ANSI_COMPILER 1
| #define HAVE_STDARG_H 1
| #define RETSIGTYPE void
| #define ST_MTIM_NSEC tv_nsec
| #define FILE_TIMESTAMP_HI_RES 1
| #define HAVE_CLOCK_GETTIME 1
| #define HAVE_GETTIMEOFDAY 1
| #define HAVE_MEMCPY 1
| #define HAVE_MEMMOVE 1
| #define HAVE_STRCHR 1
| #define HAVE_STRDUP 1
| #define HAVE_MKSTEMP 1
| #define HAVE_MKTEMP 1
| #define HAVE_FDOPEN 1
| #define HAVE_BSD_SIGNAL 1
| #define HAVE_DUP2 1
| #define HAVE_GETCWD 1
| #define HAVE_REALPATH 1
| #define HAVE_SIGSETMASK 1
| #define HAVE_SIGACTION 1
| #define HAVE_GETGROUPS 1
| #define HAVE_SETEUID 1
| #define HAVE_SETEGID 1
| #define HAVE_SETLINEBUF 1
| #define HAVE_SETREUID 1
| #define HAVE_SETREGID 1
| #define HAVE_GETRLIMIT 1
| #define HAVE_SETRLIMIT 1
| #define HAVE_SETVBUF 1
| #define HAVE_PIPE 1
| #define HAVE_STRERROR 1
| #define HAVE_STRSIGNAL 1
| #define HAVE_LSTAT 1
| #define HAVE_READLINK 1
| #define HAVE_ATEXIT 1
| #define HAVE_STRCOLL 1
| #define HAVE_ALLOCA_H 1
| #define HAVE_ALLOCA 1
| /* end confdefs.h.  */
| #include <vfork.h>
configure:7578: result: no
configure:7578: checking for vfork.h
configure:7578: result: no
configure:7591: checking for fork
configure:7591: gcc -o conftest -g -O2   conftest.c  >&5
conftest.c:107:6: warning: conflicting types for built-in function 'fork'; expected 'int(void)' [-Wbuiltin-declaration-mismatch]
  107 | char fork ();
      |      ^~~~
configure:7591: $? = 0
configure:7591: result: yes
configure:7591: checking for vfork
configure:7591: gcc -o conftest -g -O2   conftest.c  >&5
configure:7591: $? = 0
configure:7591: result: yes
configure:7602: checking for working fork
configure:7624: gcc -o conftest -g -O2   conftest.c  >&5
configure:7624: $? = 0
configure:7624: ./conftest
configure:7624: $? = 0
configure:7634: result: yes
configure:7655: checking for working vfork
configure:7765: result: yes
configure:7792: checking for vprintf
configure:7792: gcc -o conftest -g -O2   conftest.c  >&5
conftest.c:111:6: warning: conflicting types for built-in function 'vprintf'; expected 'int(const char *, __va_list_tag *)' [-Wbuiltin-declaration-mismatch]
  111 | char vprintf ();
      |      ^~~~~~~
conftest.c:99:1: note: 'vprintf' is declared in header '<stdio.h>'
   98 | # include <limits.h>
   99 | #else
configure:7792: $? = 0
configure:7792: result: yes
configure:7798: checking for _doprnt
configure:7798: gcc -o conftest -g -O2   conftest.c  >&5
/usr/bin/ld: /tmp/ccQmoj0z.o: in function `main':
/workspaces/rebuild-tplink-neffos-y5-kernel/rebuild/ndk/sources/host-tools/make-3.81/conftest.c:123:(.text.startup+0xb): undefined reference to `_doprnt'
collect2: error: ld returned 1 exit status
configure:7798: $? = 1
configure: failed program was:
| /* confdefs.h */
| #define PACKAGE_NAME "GNU make"
| #define PACKAGE_TARNAME "make"
| #define PACKAGE_VERSION "3.81"
| #define PACKAGE_STRING "GNU make 3.81"
| #define PACKAGE_BUGREPORT "bug-make@gnu.org"
| #define PACKAGE_URL "http://www.gnu.org/software/make/"
| #define PACKAGE "make"
| #define VERSION "3.81"
| #define STDC_HEADERS 1
| #define HAVE_SYS_TYPES_H 1
| #define HAVE_SYS_STAT_H 1
| #define HAVE_STDLIB_H 1
| #define HAVE_STRING_H 1
| #define HAVE_MEMORY_H 1
| #define HAVE_STRINGS_H 1
| #define HAVE_INTTYPES_H 1
| #define HAVE_STDINT_H 1
| #define HAVE_UNISTD_H 1
| #define __EXTENSIONS__ 1
| #define _ALL_SOURCE 1
| #define _GNU_SOURCE 1
| #define _POSIX_PTHREAD_SEMANTICS 1
| #define _TANDEM_SOURCE 1
| #define PROTOTYPES 1
| #define __PROTOTYPES 1
| #define HAVE_STRING_H 1
| #define ENABLE_NLS 1
| #define HAVE_GETTEXT 1
| #define HAVE_DCGETTEXT 1
| #define STDC_HEADERS 1
| #define HAVE_DIRENT_H 1
| #define TIME_WITH_SYS_TIME 1
| #define HAVE_STDLIB_H 1
| #define HAVE_LOCALE_H 1
| #define HAVE_UNISTD_H 1
| #define HAVE_LIMITS_H 1
| #define HAVE_FCNTL_H 1
| #define HAVE_STRING_H 1
| #define HAVE_MEMORY_H 1
| #define HAVE_SYS_PARAM_H 1
| #define HAVE_SYS_RESOURCE_H 1
| #define HAVE_SYS_TIME_H 1
| #define HAVE_SYS_TIMEB_H 1
| #define HAVE_ANSI_COMPILER 1
| #define HAVE_STDARG_H 1
| #define RETSIGTYPE void
| #define ST_MTIM_NSEC tv_nsec
| #define FILE_TIMESTAMP_HI_RES 1
| #define HAVE_CLOCK_GETTIME 1
| #define HAVE_GETTIMEOFDAY 1
| #define HAVE_MEMCPY 1
| #define HAVE_MEMMOVE 1
| #define HAVE_STRCHR 1
| #define HAVE_STRDUP 1
| #define HAVE_MKSTEMP 1
| #define HAVE_MKTEMP 1
| #define HAVE_FDOPEN 1
| #define HAVE_BSD_SIGNAL 1
| #define HAVE_DUP2 1
| #define HAVE_GETCWD 1
| #define HAVE_REALPATH 1
| #define HAVE_SIGSETMASK 1
| #define HAVE_SIGACTION 1
| #define HAVE_GETGROUPS 1
| #define HAVE_SETEUID 1
| #define HAVE_SETEGID 1
| #define HAVE_SETLINEBUF 1
| #define HAVE_SETREUID 1
| #define HAVE_SETREGID 1
| #define HAVE_GETRLIMIT 1
| #define HAVE_SETRLIMIT 1
| #define HAVE_SETVBUF 1
| #define HAVE_PIPE 1
| #define HAVE_STRERROR 1
| #define HAVE_STRSIGNAL 1
| #define HAVE_LSTAT 1
| #define HAVE_READLINK 1
| #define HAVE_ATEXIT 1
| #define HAVE_STRCOLL 1
| #define HAVE_ALLOCA_H 1
| #define HAVE_ALLOCA 1
| #define HAVE_FORK 1
| #define HAVE_VFORK 1
| #define HAVE_WORKING_VFORK 1
| #define HAVE_WORKING_FORK 1
| #define HAVE_VPRINTF 1
| /* end confdefs.h.  */
| /* Define _doprnt to an innocuous variant, in case <limits.h> declares _doprnt.
|    For example, HP-UX 11i <limits.h> declares gettimeofday.  */
| #define _doprnt innocuous__doprnt
| 
| /* System header to define __stub macros and hopefully few prototypes,
|     which can conflict with char _doprnt (); below.
|     Prefer <limits.h> to <assert.h> if __STDC__ is defined, since
|     <limits.h> exists even on freestanding compilers.  */
| 
| #ifdef __STDC__
| # include <limits.h>
| #else
| # include <assert.h>
| #endif
| 
| #undef _doprnt
| 
| /* Override any GCC internal prototype to avoid an error.
|    Use char because int might match the return type of a GCC
|    builtin and then its argument prototype would still apply.  */
| #ifdef __cplusplus
| extern "C"
| #endif
| char _doprnt ();
| /* The GNU C library defines this for functions which it implements
|     to always fail with ENOSYS.  Some functions are actually named
|     something starting with __ and the normal name is an alias.  */
| #if defined __stub__doprnt || defined __stub____doprnt
| choke me
| #endif
| 
| int
| main ()
| {
| return _doprnt ();
|   ;
|   return 0;
| }
configure:7798: result: no
configure:7809: checking whether closedir returns void
configure:7833: gcc -o conftest -g -O2   conftest.c  >&5
configure:7833: $? = 0
configure:7833: ./conftest
configure:7833: $? = 0
configure:7843: result: no
configure:7861: checking for getloadavg
configure:7861: gcc -o conftest -g -O2   conftest.c  >&5
configure:7861: $? = 0
configure:7861: result: yes
configure:7872: checking for pstat_getdynamic
configure:7872: gcc -o conftest -g -O2   conftest.c  >&5
/usr/bin/ld: /tmp/ccYsEHhw.o: in function `main':
/workspaces/rebuild-tplink-neffos-y5-kernel/rebuild/ndk/sources/host-tools/make-3.81/conftest.c:123:(.text.startup+0xb): undefined reference to `pstat_getdynamic'
collect2: error: ld returned 1 exit status
configure:7872: $? = 1
configure: failed program was:
| /* confdefs.h */
| #define PACKAGE_NAME "GNU make"
| #define PACKAGE_TARNAME "make"
| #define PACKAGE_VERSION "3.81"
| #define PACKAGE_STRING "GNU make 3.81"
| #define PACKAGE_BUGREPORT "bug-make@gnu.org"
| #define PACKAGE_URL "http://www.gnu.org/software/make/"
| #define PACKAGE "make"
| #define VERSION "3.81"
| #define STDC_HEADERS 1
| #define HAVE_SYS_TYPES_H 1
| #define HAVE_SYS_STAT_H 1
| #define HAVE_STDLIB_H 1
| #define HAVE_STRING_H 1
| #define HAVE_MEMORY_H 1
| #define HAVE_STRINGS_H 1
| #define HAVE_INTTYPES_H 1
| #define HAVE_STDINT_H 1
| #define HAVE_UNISTD_H 1
| #define __EXTENSIONS__ 1
| #define _ALL_SOURCE 1
| #define _GNU_SOURCE 1
| #define _POSIX_PTHREAD_SEMANTICS 1
| #define _TANDEM_SOURCE 1
| #define PROTOTYPES 1
| #define __PROTOTYPES 1
| #define HAVE_STRING_H 1
| #define ENABLE_NLS 1
| #define HAVE_GETTEXT 1
| #define HAVE_DCGETTEXT 1
| #define STDC_HEADERS 1
| #define HAVE_DIRENT_H 1
| #define TIME_WITH_SYS_TIME 1
| #define HAVE_STDLIB_H 1
| #define HAVE_LOCALE_H 1
| #define HAVE_UNISTD_H 1
| #define HAVE_LIMITS_H 1
| #define HAVE_FCNTL_H 1
| #define HAVE_STRING_H 1
| #define HAVE_MEMORY_H 1
| #define HAVE_SYS_PARAM_H 1
| #define HAVE_SYS_RESOURCE_H 1
| #define HAVE_SYS_TIME_H 1
| #define HAVE_SYS_TIMEB_H 1
| #define HAVE_ANSI_COMPILER 1
| #define HAVE_STDARG_H 1
| #define RETSIGTYPE void
| #define ST_MTIM_NSEC tv_nsec
| #define FILE_TIMESTAMP_HI_RES 1
| #define HAVE_CLOCK_GETTIME 1
| #define HAVE_GETTIMEOFDAY 1
| #define HAVE_MEMCPY 1
| #define HAVE_MEMMOVE 1
| #define HAVE_STRCHR 1
| #define HAVE_STRDUP 1
| #define HAVE_MKSTEMP 1
| #define HAVE_MKTEMP 1
| #define HAVE_FDOPEN 1
| #define HAVE_BSD_SIGNAL 1
| #define HAVE_DUP2 1
| #define HAVE_GETCWD 1
| #define HAVE_REALPATH 1
| #define HAVE_SIGSETMASK 1
| #define HAVE_SIGACTION 1
| #define HAVE_GETGROUPS 1
| #define HAVE_SETEUID 1
| #define HAVE_SETEGID 1
| #define HAVE_SETLINEBUF 1
| #define HAVE_SETREUID 1
| #define HAVE_SETREGID 1
| #define HAVE_GETRLIMIT 1
| #define HAVE_SETRLIMIT 1
| #define HAVE_SETVBUF 1
| #define HAVE_PIPE 1
| #define HAVE_STRERROR 1
| #define HAVE_STRSIGNAL 1
| #define HAVE_LSTAT 1
| #define HAVE_READLINK 1
| #define HAVE_ATEXIT 1
| #define HAVE_STRCOLL 1
| #define HAVE_ALLOCA_H 1
| #define HAVE_ALLOCA 1
| #define HAVE_FORK 1
| #define HAVE_VFORK 1
| #define HAVE_WORKING_VFORK 1
| #define HAVE_WORKING_FORK 1
| #define HAVE_VPRINTF 1
| /* end confdefs.h.  */
| /* Define pstat_getdynamic to an innocuous variant, in case <limits.h> declares pstat_getdynamic.
|    For example, HP-UX 11i <limits.h> declares gettimeofday.  */
| #define pstat_getdynamic innocuous_pstat_getdynamic
| 
| /* System header to define __stub macros and hopefully few prototypes,
|     which can conflict with char pstat_getdynamic (); below.
|     Prefer <limits.h> to <assert.h> if __STDC__ is defined, since
|     <limits.h> exists even on freestanding compilers.  */
| 
| #ifdef __STDC__
| # include <limits.h>
| #else
| # include <assert.h>
| #endif
| 
| #undef pstat_getdynamic
| 
| /* Override any GCC internal prototype to avoid an error.
|    Use char because int might match the return type of a GCC
|    builtin and then its argument prototype would still apply.  */
| #ifdef __cplusplus
| extern "C"
| #endif
| char pstat_getdynamic ();
| /* The GNU C library defines this for functions which it implements
|     to always fail with ENOSYS.  Some functions are actually named
|     something starting with __ and the normal name is an alias.  */
| #if defined __stub_pstat_getdynamic || defined __stub___pstat_getdynamic
| choke me
| #endif
| 
| int
| main ()
| {
| return pstat_getdynamic ();
|   ;
|   return 0;
| }
configure:7872: result: no
configure:7883: checking for kstat_open in -lkstat
configure:7908: gcc -o conftest -g -O2   conftest.c -lkstat   >&5
/usr/bin/ld: cannot find -lkstat: No such file or directory
collect2: error: ld returned 1 exit status
configure:7908: $? = 1
configure: failed program was:
| /* confdefs.h */
| #define PACKAGE_NAME "GNU make"
| #define PACKAGE_TARNAME "make"
| #define PACKAGE_VERSION "3.81"
| #define PACKAGE_STRING "GNU make 3.81"
| #define PACKAGE_BUGREPORT "bug-make@gnu.org"
| #define PACKAGE_URL "http://www.gnu.org/software/make/"
| #define PACKAGE "make"
| #define VERSION "3.81"
| #define STDC_HEADERS 1
| #define HAVE_SYS_TYPES_H 1
| #define HAVE_SYS_STAT_H 1
| #define HAVE_STDLIB_H 1
| #define HAVE_STRING_H 1
| #define HAVE_MEMORY_H 1
| #define HAVE_STRINGS_H 1
| #define HAVE_INTTYPES_H 1
| #define HAVE_STDINT_H 1
| #define HAVE_UNISTD_H 1
| #define __EXTENSIONS__ 1
| #define _ALL_SOURCE 1
| #define _GNU_SOURCE 1
| #define _POSIX_PTHREAD_SEMANTICS 1
| #define _TANDEM_SOURCE 1
| #define PROTOTYPES 1
| #define __PROTOTYPES 1
| #define HAVE_STRING_H 1
| #define ENABLE_NLS 1
| #define HAVE_GETTEXT 1
| #define HAVE_DCGETTEXT 1
| #define STDC_HEADERS 1
| #define HAVE_DIRENT_H 1
| #define TIME_WITH_SYS_TIME 1
| #define HAVE_STDLIB_H 1
| #define HAVE_LOCALE_H 1
| #define HAVE_UNISTD_H 1
| #define HAVE_LIMITS_H 1
| #define HAVE_FCNTL_H 1
| #define HAVE_STRING_H 1
| #define HAVE_MEMORY_H 1
| #define HAVE_SYS_PARAM_H 1
| #define HAVE_SYS_RESOURCE_H 1
| #define HAVE_SYS_TIME_H 1
| #define HAVE_SYS_TIMEB_H 1
| #define HAVE_ANSI_COMPILER 1
| #define HAVE_STDARG_H 1
| #define RETSIGTYPE void
| #define ST_MTIM_NSEC tv_nsec
| #define FILE_TIMESTAMP_HI_RES 1
| #define HAVE_CLOCK_GETTIME 1
| #define HAVE_GETTIMEOFDAY 1
| #define HAVE_MEMCPY 1
| #define HAVE_MEMMOVE 1
| #define HAVE_STRCHR 1
| #define HAVE_STRDUP 1
| #define HAVE_MKSTEMP 1
| #define HAVE_MKTEMP 1
| #define HAVE_FDOPEN 1
| #define HAVE_BSD_SIGNAL 1
| #define HAVE_DUP2 1
| #define HAVE_GETCWD 1
| #define HAVE_REALPATH 1
| #define HAVE_SIGSETMASK 1
| #define HAVE_SIGACTION 1
| #define HAVE_GETGROUPS 1
| #define HAVE_SETEUID 1
| #define HAVE_SETEGID 1
| #define HAVE_SETLINEBUF 1
| #define HAVE_SETREUID 1
| #define HAVE_SETREGID 1
| #define HAVE_GETRLIMIT 1
| #define HAVE_SETRLIMIT 1
| #define HAVE_SETVBUF 1
| #define HAVE_PIPE 1
| #define HAVE_STRERROR 1
| #define HAVE_STRSIGNAL 1
| #define HAVE_LSTAT 1
| #define HAVE_READLINK 1
| #define HAVE_ATEXIT 1
| #define HAVE_STRCOLL 1
| #define HAVE_ALLOCA_H 1
| #define HAVE_ALLOCA 1
| #define HAVE_FORK 1
| #define HAVE_VFORK 1
| #define HAVE_WORKING_VFORK 1
| #define HAVE_WORKING_FORK 1
| #define HAVE_VPRINTF 1
| /* end confdefs.h.  */
| 
| /* Override any GCC internal prototype to avoid an error.
|    Use char because int might match the return type of a GCC
|    builtin and then its argument prototype would still apply.  */
| #ifdef __cplusplus
| extern "C"
| #endif
| char kstat_open ();
| int
| main ()
| {
| return kstat_open ();
|   ;
|   return 0;
| }
configure:7917: result: no
configure:8113: checking for getloadavg
configure:8113: gcc -o conftest -g -O2   conftest.c  >&5
configure:8113: $? = 0
configure:8113: result: yes
configure:8284: checking whether getloadavg requires setgid
configure:8305: result: no
configure:8375: checking whether sys_siglist is declared
configure:8375: gcc -c -g -O2  conftest.c >&5
conftest.c: In function 'main':
conftest.c:134:10: error: 'sys_siglist' undeclared (first use in this function)
  134 |   (void) sys_siglist;
      |          ^~~~~~~~~~~
conftest.c:134:10: note: each undeclared identifier is reported only once for each function it appears in
configure:8375: $? = 1
configure: failed program was:
| /* confdefs.h */
| #define PACKAGE_NAME "GNU make"
| #define PACKAGE_TARNAME "make"
| #define PACKAGE_VERSION "3.81"
| #define PACKAGE_STRING "GNU make 3.81"
| #define PACKAGE_BUGREPORT "bug-make@gnu.org"
| #define PACKAGE_URL "http://www.gnu.org/software/make/"
| #define PACKAGE "make"
| #define VERSION "3.81"
| #define STDC_HEADERS 1
| #define HAVE_SYS_TYPES_H 1
| #define HAVE_SYS_STAT_H 1
| #define HAVE_STDLIB_H 1
| #define HAVE_STRING_H 1
| #define HAVE_MEMORY_H 1
| #define HAVE_STRINGS_H 1
| #define HAVE_INTTYPES_H 1
| #define HAVE_STDINT_H 1
| #define HAVE_UNISTD_H 1
| #define __EXTENSIONS__ 1
| #define _ALL_SOURCE 1
| #define _GNU_SOURCE 1
| #define _POSIX_PTHREAD_SEMANTICS 1
| #define _TANDEM_SOURCE 1
| #define PROTOTYPES 1
| #define __PROTOTYPES 1
| #define HAVE_STRING_H 1
| #define ENABLE_NLS 1
| #define HAVE_GETTEXT 1
| #define HAVE_DCGETTEXT 1
| #define STDC_HEADERS 1
| #define HAVE_DIRENT_H 1
| #define TIME_WITH_SYS_TIME 1
| #define HAVE_STDLIB_H 1
| #define HAVE_LOCALE_H 1
| #define HAVE_UNISTD_H 1
| #define HAVE_LIMITS_H 1
| #define HAVE_FCNTL_H 1
| #define HAVE_STRING_H 1
| #define HAVE_MEMORY_H 1
| #define HAVE_SYS_PARAM_H 1
| #define HAVE_SYS_RESOURCE_H 1
| #define HAVE_SYS_TIME_H 1
| #define HAVE_SYS_TIMEB_H 1
| #define HAVE_ANSI_COMPILER 1
| #define HAVE_STDARG_H 1
| #define RETSIGTYPE void
| #define ST_MTIM_NSEC tv_nsec
| #define FILE_TIMESTAMP_HI_RES 1
| #define HAVE_CLOCK_GETTIME 1
| #define HAVE_GETTIMEOFDAY 1
| #define HAVE_MEMCPY 1
| #define HAVE_MEMMOVE 1
| #define HAVE_STRCHR 1
| #define HAVE_STRDUP 1
| #define HAVE_MKSTEMP 1
| #define HAVE_MKTEMP 1
| #define HAVE_FDOPEN 1
| #define HAVE_BSD_SIGNAL 1
| #define HAVE_DUP2 1
| #define HAVE_GETCWD 1
| #define HAVE_REALPATH 1
| #define HAVE_SIGSETMASK 1
| #define HAVE_SIGACTION 1
| #define HAVE_GETGROUPS 1
| #define HAVE_SETEUID 1
| #define HAVE_SETEGID 1
| #define HAVE_SETLINEBUF 1
| #define HAVE_SETREUID 1
| #define HAVE_SETREGID 1
| #define HAVE_GETRLIMIT 1
| #define HAVE_SETRLIMIT 1
| #define HAVE_SETVBUF 1
| #define HAVE_PIPE 1
| #define HAVE_STRERROR 1
| #define HAVE_STRSIGNAL 1
| #define HAVE_LSTAT 1
| #define HAVE_READLINK 1
| #define HAVE_ATEXIT 1
| #define HAVE_STRCOLL 1
| #define HAVE_ALLOCA_H 1
| #define HAVE_ALLOCA 1
| #define HAVE_FORK 1
| #define HAVE_VFORK 1
| #define HAVE_WORKING_VFORK 1
| #define HAVE_WORKING_FORK 1
| #define HAVE_VPRINTF 1
| #define HAVE_GETLOADAVG 1
| /* end confdefs.h.  */
| #include <stdio.h>
| #ifdef HAVE_SYS_TYPES_H
| # include <sys/types.h>
| #endif
| #ifdef HAVE_SYS_STAT_H
| # include <sys/stat.h>
| #endif
| #ifdef STDC_HEADERS
| # include <stdlib.h>
| # include <stddef.h>
| #else
| # ifdef HAVE_STDLIB_H
| #  include <stdlib.h>
| # endif
| #endif
| #ifdef HAVE_STRING_H
| # if !defined STDC_HEADERS && defined HAVE_MEMORY_H
| #  include <memory.h>
| # endif
| # include <string.h>
| #endif
| #ifdef HAVE_STRINGS_H
| # include <strings.h>
| #endif
| #ifdef HAVE_INTTYPES_H
| # include <inttypes.h>
| #endif
| #ifdef HAVE_STDINT_H
| # include <stdint.h>
| #endif
| #ifdef HAVE_UNISTD_H
| # include <unistd.h>
| #endif
| #include <signal.h>
| /* NetBSD declares sys_siglist in unistd.h.  */
| #if HAVE_UNISTD_H
| # include <unistd.h>
| #endif
| 
| 
| int
| main ()
| {
| #ifndef sys_siglist
|   (void) sys_siglist;
| #endif
| 
|   ;
|   return 0;
| }
configure:8375: result: no
configure:8392: checking whether _sys_siglist is declared
configure:8392: gcc -c -g -O2  conftest.c >&5
conftest.c: In function 'main':
conftest.c:135:10: error: '_sys_siglist' undeclared (first use in this function)
  135 |   (void) _sys_siglist;
      |          ^~~~~~~~~~~~
conftest.c:135:10: note: each undeclared identifier is reported only once for each function it appears in
configure:8392: $? = 1
configure: failed program was:
| /* confdefs.h */
| #define PACKAGE_NAME "GNU make"
| #define PACKAGE_TARNAME "make"
| #define PACKAGE_VERSION "3.81"
| #define PACKAGE_STRING "GNU make 3.81"
| #define PACKAGE_BUGREPORT "bug-make@gnu.org"
| #define PACKAGE_URL "http://www.gnu.org/software/make/"
| #define PACKAGE "make"
| #define VERSION "3.81"
| #define STDC_HEADERS 1
| #define HAVE_SYS_TYPES_H 1
| #define HAVE_SYS_STAT_H 1
| #define HAVE_STDLIB_H 1
| #define HAVE_STRING_H 1
| #define HAVE_MEMORY_H 1
| #define HAVE_STRINGS_H 1
| #define HAVE_INTTYPES_H 1
| #define HAVE_STDINT_H 1
| #define HAVE_UNISTD_H 1
| #define __EXTENSIONS__ 1
| #define _ALL_SOURCE 1
| #define _GNU_SOURCE 1
| #define _POSIX_PTHREAD_SEMANTICS 1
| #define _TANDEM_SOURCE 1
| #define PROTOTYPES 1
| #define __PROTOTYPES 1
| #define HAVE_STRING_H 1
| #define ENABLE_NLS 1
| #define HAVE_GETTEXT 1
| #define HAVE_DCGETTEXT 1
| #define STDC_HEADERS 1
| #define HAVE_DIRENT_H 1
| #define TIME_WITH_SYS_TIME 1
| #define HAVE_STDLIB_H 1
| #define HAVE_LOCALE_H 1
| #define HAVE_UNISTD_H 1
| #define HAVE_LIMITS_H 1
| #define HAVE_FCNTL_H 1
| #define HAVE_STRING_H 1
| #define HAVE_MEMORY_H 1
| #define HAVE_SYS_PARAM_H 1
| #define HAVE_SYS_RESOURCE_H 1
| #define HAVE_SYS_TIME_H 1
| #define HAVE_SYS_TIMEB_H 1
| #define HAVE_ANSI_COMPILER 1
| #define HAVE_STDARG_H 1
| #define RETSIGTYPE void
| #define ST_MTIM_NSEC tv_nsec
| #define FILE_TIMESTAMP_HI_RES 1
| #define HAVE_CLOCK_GETTIME 1
| #define HAVE_GETTIMEOFDAY 1
| #define HAVE_MEMCPY 1
| #define HAVE_MEMMOVE 1
| #define HAVE_STRCHR 1
| #define HAVE_STRDUP 1
| #define HAVE_MKSTEMP 1
| #define HAVE_MKTEMP 1
| #define HAVE_FDOPEN 1
| #define HAVE_BSD_SIGNAL 1
| #define HAVE_DUP2 1
| #define HAVE_GETCWD 1
| #define HAVE_REALPATH 1
| #define HAVE_SIGSETMASK 1
| #define HAVE_SIGACTION 1
| #define HAVE_GETGROUPS 1
| #define HAVE_SETEUID 1
| #define HAVE_SETEGID 1
| #define HAVE_SETLINEBUF 1
| #define HAVE_SETREUID 1
| #define HAVE_SETREGID 1
| #define HAVE_GETRLIMIT 1
| #define HAVE_SETRLIMIT 1
| #define HAVE_SETVBUF 1
| #define HAVE_PIPE 1
| #define HAVE_STRERROR 1
| #define HAVE_STRSIGNAL 1
| #define HAVE_LSTAT 1
| #define HAVE_READLINK 1
| #define HAVE_ATEXIT 1
| #define HAVE_STRCOLL 1
| #define HAVE_ALLOCA_H 1
| #define HAVE_ALLOCA 1
| #define HAVE_FORK 1
| #define HAVE_VFORK 1
| #define HAVE_WORKING_VFORK 1
| #define HAVE_WORKING_FORK 1
| #define HAVE_VPRINTF 1
| #define HAVE_GETLOADAVG 1
| #define HAVE_DECL_SYS_SIGLIST 0
| /* end confdefs.h.  */
| #include <stdio.h>
| #ifdef HAVE_SYS_TYPES_H
| # include <sys/types.h>
| #endif
| #ifdef HAVE_SYS_STAT_H
| # include <sys/stat.h>
| #endif
| #ifdef STDC_HEADERS
| # include <stdlib.h>
| # include <stddef.h>
| #else
| # ifdef HAVE_STDLIB_H
| #  include <stdlib.h>
| # endif
| #endif
| #ifdef HAVE_STRING_H
| # if !defined STDC_HEADERS && defined HAVE_MEMORY_H
| #  include <memory.h>
| # endif
| # include <string.h>
| #endif
| #ifdef HAVE_STRINGS_H
| # include <strings.h>
| #endif
| #ifdef HAVE_INTTYPES_H
| # include <inttypes.h>
| #endif
| #ifdef HAVE_STDINT_H
| # include <stdint.h>
| #endif
| #ifdef HAVE_UNISTD_H
| # include <unistd.h>
| #endif
| #include <signal.h>
| /* NetBSD declares sys_siglist in unistd.h.  */
| #if HAVE_UNISTD_H
| # include <unistd.h>
| #endif
| 
| 
| int
| main ()
| {
| #ifndef _sys_siglist
|   (void) _sys_siglist;
| #endif
| 
|   ;
|   return 0;
| }
configure:8392: result: no
configure:8409: checking whether __sys_siglist is declared
configure:8409: gcc -c -g -O2  conftest.c >&5
conftest.c: In function 'main':
conftest.c:136:10: error: '__sys_siglist' undeclared (first use in this function)
  136 |   (void) __sys_siglist;
      |          ^~~~~~~~~~~~~
conftest.c:136:10: note: each undeclared identifier is reported only once for each function it appears in
configure:8409: $? = 1
configure: failed program was:
| /* confdefs.h */
| #define PACKAGE_NAME "GNU make"
| #define PACKAGE_TARNAME "make"
| #define PACKAGE_VERSION "3.81"
| #define PACKAGE_STRING "GNU make 3.81"
| #define PACKAGE_BUGREPORT "bug-make@gnu.org"
| #define PACKAGE_URL "http://www.gnu.org/software/make/"
| #define PACKAGE "make"
| #define VERSION "3.81"
| #define STDC_HEADERS 1
| #define HAVE_SYS_TYPES_H 1
| #define HAVE_SYS_STAT_H 1
| #define HAVE_STDLIB_H 1
| #define HAVE_STRING_H 1
| #define HAVE_MEMORY_H 1
| #define HAVE_STRINGS_H 1
| #define HAVE_INTTYPES_H 1
| #define HAVE_STDINT_H 1
| #define HAVE_UNISTD_H 1
| #define __EXTENSIONS__ 1
| #define _ALL_SOURCE 1
| #define _GNU_SOURCE 1
| #define _POSIX_PTHREAD_SEMANTICS 1
| #define _TANDEM_SOURCE 1
| #define PROTOTYPES 1
| #define __PROTOTYPES 1
| #define HAVE_STRING_H 1
| #define ENABLE_NLS 1
| #define HAVE_GETTEXT 1
| #define HAVE_DCGETTEXT 1
| #define STDC_HEADERS 1
| #define HAVE_DIRENT_H 1
| #define TIME_WITH_SYS_TIME 1
| #define HAVE_STDLIB_H 1
| #define HAVE_LOCALE_H 1
| #define HAVE_UNISTD_H 1
| #define HAVE_LIMITS_H 1
| #define HAVE_FCNTL_H 1
| #define HAVE_STRING_H 1
| #define HAVE_MEMORY_H 1
| #define HAVE_SYS_PARAM_H 1
| #define HAVE_SYS_RESOURCE_H 1
| #define HAVE_SYS_TIME_H 1
| #define HAVE_SYS_TIMEB_H 1
| #define HAVE_ANSI_COMPILER 1
| #define HAVE_STDARG_H 1
| #define RETSIGTYPE void
| #define ST_MTIM_NSEC tv_nsec
| #define FILE_TIMESTAMP_HI_RES 1
| #define HAVE_CLOCK_GETTIME 1
| #define HAVE_GETTIMEOFDAY 1
| #define HAVE_MEMCPY 1
| #define HAVE_MEMMOVE 1
| #define HAVE_STRCHR 1
| #define HAVE_STRDUP 1
| #define HAVE_MKSTEMP 1
| #define HAVE_MKTEMP 1
| #define HAVE_FDOPEN 1
| #define HAVE_BSD_SIGNAL 1
| #define HAVE_DUP2 1
| #define HAVE_GETCWD 1
| #define HAVE_REALPATH 1
| #define HAVE_SIGSETMASK 1
| #define HAVE_SIGACTION 1
| #define HAVE_GETGROUPS 1
| #define HAVE_SETEUID 1
| #define HAVE_SETEGID 1
| #define HAVE_SETLINEBUF 1
| #define HAVE_SETREUID 1
| #define HAVE_SETREGID 1
| #define HAVE_GETRLIMIT 1
| #define HAVE_SETRLIMIT 1
| #define HAVE_SETVBUF 1
| #define HAVE_PIPE 1
| #define HAVE_STRERROR 1
| #define HAVE_STRSIGNAL 1
| #define HAVE_LSTAT 1
| #define HAVE_READLINK 1
| #define HAVE_ATEXIT 1
| #define HAVE_STRCOLL 1
| #define HAVE_ALLOCA_H 1
| #define HAVE_ALLOCA 1
| #define HAVE_FORK 1
| #define HAVE_VFORK 1
| #define HAVE_WORKING_VFORK 1
| #define HAVE_WORKING_FORK 1
| #define HAVE_VPRINTF 1
| #define HAVE_GETLOADAVG 1
| #define HAVE_DECL_SYS_SIGLIST 0
| #define HAVE_DECL__SYS_SIGLIST 0
| /* end confdefs.h.  */
| #include <stdio.h>
| #ifdef HAVE_SYS_TYPES_H
| # include <sys/types.h>
| #endif
| #ifdef HAVE_SYS_STAT_H
| # include <sys/stat.h>
| #endif
| #ifdef STDC_HEADERS
| # include <stdlib.h>
| # include <stddef.h>
| #else
| # ifdef HAVE_STDLIB_H
| #  include <stdlib.h>
| # endif
| #endif
| #ifdef HAVE_STRING_H
| # if !defined STDC_HEADERS && defined HAVE_MEMORY_H
| #  include <memory.h>
| # endif
| # include <string.h>
| #endif
| #ifdef HAVE_STRINGS_H
| # include <strings.h>
| #endif
| #ifdef HAVE_INTTYPES_H
| # include <inttypes.h>
| #endif
| #ifdef HAVE_STDINT_H
| # include <stdint.h>
| #endif
| #ifdef HAVE_UNISTD_H
| # include <unistd.h>
| #endif
| #include <signal.h>
| /* NetBSD declares sys_siglist in unistd.h.  */
| #if HAVE_UNISTD_H
| # include <unistd.h>
| #endif
| 
| 
| int
| main ()
| {
| #ifndef __sys_siglist
|   (void) __sys_siglist;
| #endif
| 
|   ;
|   return 0;
| }
configure:8409: result: no
configure:8432: checking sys/wait.h usability
configure:8432: gcc -c -g -O2  conftest.c >&5
configure:8432: $? = 0
configure:8432: result: yes
configure:8432: checking sys/wait.h presence
configure:8432: gcc -E -g -O2  conftest.c
configure:8432: $? = 0
configure:8432: result: yes
configure:8432: checking for sys/wait.h
configure:8432: result: yes
configure:8445: checking for waitpid
configure:8445: gcc -o conftest -g -O2   conftest.c  >&5
configure:8445: $? = 0
configure:8445: result: yes
configure:8445: checking for wait3
configure:8445: gcc -o conftest -g -O2   conftest.c  >&5
configure:8445: $? = 0
configure:8445: result: yes
configure:8455: checking for union wait
configure:8487: gcc -o conftest -g -O2   conftest.c  >&5
conftest.c: In function 'main':
conftest.c:101:12: error: storage size of 'status' isn't known
  101 | union wait status; int pid; pid = wait (&status);
      |            ^~~~~~
conftest.c:109:12: error: 'blow' undeclared (first use in this function)
  109 |         -- blow chunks here --
      |            ^~~~
conftest.c:109:12: note: each undeclared identifier is reported only once for each function it appears in
conftest.c:109:16: error: expected ';' before 'chunks'
  109 |         -- blow chunks here --
      |                ^~~~~~~
      |                ;
configure:8487: $? = 1
configure: failed program was:
| /* confdefs.h */
| #define PACKAGE_NAME "GNU make"
| #define PACKAGE_TARNAME "make"
| #define PACKAGE_VERSION "3.81"
| #define PACKAGE_STRING "GNU make 3.81"
| #define PACKAGE_BUGREPORT "bug-make@gnu.org"
| #define PACKAGE_URL "http://www.gnu.org/software/make/"
| #define PACKAGE "make"
| #define VERSION "3.81"
| #define STDC_HEADERS 1
| #define HAVE_SYS_TYPES_H 1
| #define HAVE_SYS_STAT_H 1
| #define HAVE_STDLIB_H 1
| #define HAVE_STRING_H 1
| #define HAVE_MEMORY_H 1
| #define HAVE_STRINGS_H 1
| #define HAVE_INTTYPES_H 1
| #define HAVE_STDINT_H 1
| #define HAVE_UNISTD_H 1
| #define __EXTENSIONS__ 1
| #define _ALL_SOURCE 1
| #define _GNU_SOURCE 1
| #define _POSIX_PTHREAD_SEMANTICS 1
| #define _TANDEM_SOURCE 1
| #define PROTOTYPES 1
| #define __PROTOTYPES 1
| #define HAVE_STRING_H 1
| #define ENABLE_NLS 1
| #define HAVE_GETTEXT 1
| #define HAVE_DCGETTEXT 1
| #define STDC_HEADERS 1
| #define HAVE_DIRENT_H 1
| #define TIME_WITH_SYS_TIME 1
| #define HAVE_STDLIB_H 1
| #define HAVE_LOCALE_H 1
| #define HAVE_UNISTD_H 1
| #define HAVE_LIMITS_H 1
| #define HAVE_FCNTL_H 1
| #define HAVE_STRING_H 1
| #define HAVE_MEMORY_H 1
| #define HAVE_SYS_PARAM_H 1
| #define HAVE_SYS_RESOURCE_H 1
| #define HAVE_SYS_TIME_H 1
| #define HAVE_SYS_TIMEB_H 1
| #define HAVE_ANSI_COMPILER 1
| #define HAVE_STDARG_H 1
| #define RETSIGTYPE void
| #define ST_MTIM_NSEC tv_nsec
| #define FILE_TIMESTAMP_HI_RES 1
| #define HAVE_CLOCK_GETTIME 1
| #define HAVE_GETTIMEOFDAY 1
| #define HAVE_MEMCPY 1
| #define HAVE_MEMMOVE 1
| #define HAVE_STRCHR 1
| #define HAVE_STRDUP 1
| #define HAVE_MKSTEMP 1
| #define HAVE_MKTEMP 1
| #define HAVE_FDOPEN 1
| #define HAVE_BSD_SIGNAL 1
| #define HAVE_DUP2 1
| #define HAVE_GETCWD 1
| #define HAVE_REALPATH 1
| #define HAVE_SIGSETMASK 1
| #define HAVE_SIGACTION 1
| #define HAVE_GETGROUPS 1
| #define HAVE_SETEUID 1
| #define HAVE_SETEGID 1
| #define HAVE_SETLINEBUF 1
| #define HAVE_SETREUID 1
| #define HAVE_SETREGID 1
| #define HAVE_GETRLIMIT 1
| #define HAVE_SETRLIMIT 1
| #define HAVE_SETVBUF 1
| #define HAVE_PIPE 1
| #define HAVE_STRERROR 1
| #define HAVE_STRSIGNAL 1
| #define HAVE_LSTAT 1
| #define HAVE_READLINK 1
| #define HAVE_ATEXIT 1
| #define HAVE_STRCOLL 1
| #define HAVE_ALLOCA_H 1
| #define HAVE_ALLOCA 1
| #define HAVE_FORK 1
| #define HAVE_VFORK 1
| #define HAVE_WORKING_VFORK 1
| #define HAVE_WORKING_FORK 1
| #define HAVE_VPRINTF 1
| #define HAVE_GETLOADAVG 1
| #define HAVE_DECL_SYS_SIGLIST 0
| #define HAVE_DECL__SYS_SIGLIST 0
| #define HAVE_DECL___SYS_SIGLIST 0
| #define HAVE_SYS_WAIT_H 1
| #define HAVE_WAITPID 1
| #define HAVE_WAIT3 1
| /* end confdefs.h.  */
| #include <sys/types.h>
| #include <sys/wait.h>
| int
| main ()
| {
| union wait status; int pid; pid = wait (&status);
| #ifdef WEXITSTATUS
| /* Some POSIXoid systems have both the new-style macros and the old
|    union wait type, and they do not work together.  If union wait
|    conflicts with WEXITSTATUS et al, we don't want to use it at all.  */
|         if (WEXITSTATUS (status) != 0) pid = -1;
| #ifdef WTERMSIG
|         /* If we have WEXITSTATUS and WTERMSIG, just use them on ints.  */
|         -- blow chunks here --
| #endif
| #endif
| #ifdef HAVE_WAITPID
|         /* Make sure union wait works with waitpid.  */
|         pid = waitpid (-1, &status, 0);
| #endif
| 
|   ;
|   return 0;
| }
configure:8501: result: no
configure:9036: checking for SA_RESTART
configure:9053: gcc -c -g -O2  conftest.c >&5
configure:9053: $? = 0
configure:9060: result: yes
configure:9093: checking for location of SCCS get command
configure:9105: result: get
configure:9143: checking if system libc has GNU glob
configure:9171: result: no; using local copy
configure:9246: checking if malloc debugging is wanted
configure:9264: result: no
configure:9440: creating ./config.status

## ---------------------- ##
## Running config.status. ##
## ---------------------- ##

This file was extended by GNU make config.status 3.81, which was
generated by GNU Autoconf 2.65.  Invocation command line was

  CONFIG_FILES    = 
  CONFIG_HEADERS  = 
  CONFIG_LINKS    = 
  CONFIG_COMMANDS = 
  $ ./config.status 

on codespaces-27cbcd

config.status:1005: creating Makefile
config.status:1108: WARNING:  'Makefile.in' seems to ignore the --datarootdir setting
config.status:1005: creating glob/Makefile
config.status:1108: WARNING:  'glob/Makefile.in' seems to ignore the --datarootdir setting
config.status:1005: creating po/Makefile.in
config.status:1108: WARNING:  'po/Makefile.in.in' seems to ignore the --datarootdir setting
config.status:1005: creating config/Makefile
config.status:1108: WARNING:  'config/Makefile.in' seems to ignore the --datarootdir setting
config.status:1005: creating doc/Makefile
config.status:1108: WARNING:  'doc/Makefile.in' seems to ignore the --datarootdir setting
config.status:1005: creating w32/Makefile
config.status:1108: WARNING:  'w32/Makefile.in' seems to ignore the --datarootdir setting
config.status:1005: creating config.h
config.status:1223: executing depfiles commands
config.status:1223: executing default-1 commands

## ---------------------- ##
## Running config.status. ##
## ---------------------- ##

This file was extended by GNU make config.status 3.81, which was
generated by GNU Autoconf 2.65.  Invocation command line was

  CONFIG_FILES    = 
  CONFIG_HEADERS  = 
  CONFIG_LINKS    = 
  CONFIG_COMMANDS = 
  $ ./config.status --file build.sh

on codespaces-27cbcd

config.status:1005: creating build.sh

## ---------------- ##
## Cache variables. ##
## ---------------- ##

ac_cv_build=x86_64-unknown-linux-gnu
ac_cv_c_compiler_gnu=yes
ac_cv_c_const=yes
ac_cv_dos_paths=no
ac_cv_env_CC_set=
ac_cv_env_CC_value=
ac_cv_env_CFLAGS_set=
ac_cv_env_CFLAGS_value=
ac_cv_env_CPPFLAGS_set=
ac_cv_env_CPPFLAGS_value=
ac_cv_env_CPP_set=
ac_cv_env_CPP_value=
ac_cv_env_LDFLAGS_set=
ac_cv_env_LDFLAGS_value=
ac_cv_env_LIBS_set=
ac_cv_env_LIBS_value=
ac_cv_env_build_alias_set=
ac_cv_env_build_alias_value=
ac_cv_env_host_alias_set=
ac_cv_env_host_alias_value=
ac_cv_env_target_alias_set=
ac_cv_env_target_alias_value=
ac_cv_func__doprnt=no
ac_cv_func_alloca_works=yes
ac_cv_func_atexit=yes
ac_cv_func_bsd_signal=yes
ac_cv_func_closedir_void=no
ac_cv_func_dup2=yes
ac_cv_func_fdopen=yes
ac_cv_func_fork=yes
ac_cv_func_fork_works=yes
ac_cv_func_getcwd=yes
ac_cv_func_getgroups=yes
ac_cv_func_getloadavg=yes
ac_cv_func_getloadavg_setgid=no
ac_cv_func_getrlimit=yes
ac_cv_func_gettimeofday=yes
ac_cv_func_lstat=yes
ac_cv_func_memcpy=yes
ac_cv_func_memmove=yes
ac_cv_func_mkstemp=yes
ac_cv_func_mktemp=yes
ac_cv_func_pipe=yes
ac_cv_func_pstat_getdynamic=no
ac_cv_func_readlink=yes
ac_cv_func_realpath=yes
ac_cv_func_setegid=yes
ac_cv_func_seteuid=yes
ac_cv_func_setlinebuf=yes
ac_cv_func_setregid=yes
ac_cv_func_setreuid=yes
ac_cv_func_setrlimit=yes
ac_cv_func_setvbuf=yes
ac_cv_func_setvbuf_reversed=no
ac_cv_func_sigaction=yes
ac_cv_func_sigsetmask=yes
ac_cv_func_strchr=yes
ac_cv_func_strcoll_works=yes
ac_cv_func_strdup=yes
ac_cv_func_strerror=yes
ac_cv_func_strsignal=yes
ac_cv_func_vfork=yes
ac_cv_func_vfork_works=yes
ac_cv_func_vprintf=yes
ac_cv_func_wait3=yes
ac_cv_func_waitpid=yes
ac_cv_have_decl___sys_siglist=no
ac_cv_have_decl__sys_siglist=no
ac_cv_have_decl_sys_siglist=no
ac_cv_header_dirent_dirent_h=yes
ac_cv_header_fcntl_h=yes
ac_cv_header_inttypes_h=yes
ac_cv_header_limits_h=yes
ac_cv_header_locale_h=yes
ac_cv_header_memory_h=yes
ac_cv_header_minix_config_h=no
ac_cv_header_stat_broken=no
ac_cv_header_stdarg_h=yes
ac_cv_header_stdc=yes
ac_cv_header_stdint_h=yes
ac_cv_header_stdlib_h=yes
ac_cv_header_string_h=yes
ac_cv_header_strings_h=yes
ac_cv_header_sys_param_h=yes
ac_cv_header_sys_resource_h=yes
ac_cv_header_sys_stat_h=yes
ac_cv_header_sys_time_h=yes
ac_cv_header_sys_timeb_h=yes
ac_cv_header_sys_types_h=yes
ac_cv_header_sys_wait_h=yes
ac_cv_header_time=yes
ac_cv_header_unistd_h=yes
ac_cv_header_vfork_h=no
ac_cv_host=x86_64-unknown-linux-gnu
ac_cv_lib_kstat_kstat_open=no
ac_cv_objext=o
ac_cv_path_EGREP='/usr/bin/grep -E'
ac_cv_path_GMSGFMT=/usr/bin/msgfmt
ac_cv_path_GREP=/usr/bin/grep
ac_cv_path_MSGFMT=/usr/bin/msgfmt
ac_cv_path_MSGMERGE=/usr/bin/msgmerge
ac_cv_path_XGETTEXT=/usr/bin/xgettext
ac_cv_path_install='/usr/bin/install -c'
ac_cv_prog_AR=ar
ac_cv_prog_AWK=gawk
ac_cv_prog_CPP='gcc -E'
ac_cv_prog_PERL=perl
ac_cv_prog_ac_ct_CC=gcc
ac_cv_prog_ac_ct_RANLIB=ranlib
ac_cv_prog_cc_c89=
ac_cv_prog_cc_g=yes
ac_cv_prog_cc_gcc_c_o=yes
ac_cv_prog_make_make_set=yes
ac_cv_safe_to_define___extensions__=yes
ac_cv_search_clock_gettime='none required'
ac_cv_search_getpwnam='none required'
ac_cv_search_opendir='none required'
ac_cv_search_strerror='none required'
ac_cv_struct_st_mtim_nsec=tv_nsec
ac_cv_sys_file_offset_bits=no
ac_cv_sys_largefile_CC=no
ac_cv_type_pid_t=yes
ac_cv_type_signal=void
ac_cv_type_uid_t=yes
ac_cv_type_uintmax_t=yes
ac_cv_working_alloca_h=yes
acl_cv_hardcode_direct=no
acl_cv_hardcode_libdir_flag_spec='${wl}-rpath ${wl}$libdir'
acl_cv_hardcode_libdir_separator=
acl_cv_hardcode_minus_L=no
acl_cv_libext=a
acl_cv_path_LD=/usr/bin/ld
acl_cv_prog_gnu_ld=yes
acl_cv_rpath=done
acl_cv_shlibext=so
acl_cv_wl=-Wl,
am_cv_CC_dependencies_compiler_type=gcc3
gt_cv_func_gnugettext1_libc=yes
make_cv_file_timestamp_hi_res=yes
make_cv_job_server=yes
make_cv_path_sccs_get=get
make_cv_sa_restart=yes
make_cv_sys_gnu_glob=no
make_cv_union_wait=no

## ----------------- ##
## Output variables. ##
## ----------------- ##

ACLOCAL='${SHELL} /workspaces/rebuild-tplink-neffos-y5-kernel/rebuild/ndk/sources/host-tools/make-3.81/config/missing --run aclocal-1.9'
ALLOCA=''
AMDEPBACKSLASH='\'
AMDEP_FALSE='#'
AMDEP_TRUE=''
AMTAR='${SHELL} /workspaces/rebuild-tplink-neffos-y5-kernel/rebuild/ndk/sources/host-tools/make-3.81/config/missing --run tar'
ANSI2KNR=''
AR='ar'
AUTOCONF='${SHELL} /workspaces/rebuild-tplink-neffos-y5-kernel/rebuild/ndk/sources/host-tools/make-3.81/config/missing --run autoconf'
AUTOHEADER='${SHELL} /workspaces/rebuild-tplink-neffos-y5-kernel/rebuild/ndk/sources/host-tools/make-3.81/config/missing --run autoheader'
AUTOMAKE='${SHELL} /workspaces/rebuild-tplink-neffos-y5-kernel/rebuild/ndk/sources/host-tools/make-3.81/config/missing --run automake-1.9'
AWK='gawk'
CC='gcc'
CCDEPMODE='depmode=gcc3'
CFLAGS='-g -O2'
CPP='gcc -E'
CPPFLAGS=''
CYGPATH_W='echo'
DEFS='-DHAVE_CONFIG_H'
DEPDIR='.deps'
ECHO_C=''
ECHO_N='-n'
ECHO_T=''
EGREP='/usr/bin/grep -E'
EXEEXT=''
GETLOADAVG_LIBS=''
GLOBINC='-I$(srcdir)/glob'
GLOBLIB='glob/libglob.a'
GMSGFMT='/usr/bin/msgfmt'
GREP='/usr/bin/grep'
INSTALL_DATA='${INSTALL} -m 644'
INSTALL_PROGRAM='${INSTALL}'
INSTALL_SCRIPT='${INSTALL}'
INSTALL_STRIP_PROGRAM='${SHELL} $(install_sh) -c -s'
INTLLIBS=''
KMEM_GROUP=''
LDFLAGS=''
LIBICONV='-liconv'
LIBINTL=''
LIBOBJS=''
LIBS=''
LTLIBICONV='-liconv'
LTLIBINTL=''
LTLIBOBJS=''
MAKEINFO='${SHELL} /workspaces/rebuild-tplink-neffos-y5-kernel/rebuild/ndk/sources/host-tools/make-3.81/config/missing --run makeinfo'
MAKE_HOST='x86_64-unknown-linux-gnu'
MKINSTALLDIRS='$(top_builddir)/config/mkinstalldirs'
MSGFMT='/usr/bin/msgfmt'
MSGMERGE='/usr/bin/msgmerge'
NEED_SETGID='false'
OBJEXT='o'
PACKAGE='make'
PACKAGE_BUGREPORT='bug-make@gnu.org'
PACKAGE_NAME='GNU make'
PACKAGE_STRING='GNU make 3.81'
PACKAGE_TARNAME='make'
PACKAGE_URL='http://www.gnu.org/software/make/'
PACKAGE_VERSION='3.81'
PATH_SEPARATOR=':'
PERL='perl'
POSUB='po'
RANLIB='ranlib'
REMOTE='stub'
SET_MAKE=''
SHELL='/bin/bash'
STRIP=''
U=''
USE_CUSTOMS_FALSE=''
USE_CUSTOMS_TRUE='#'
USE_LOCAL_GLOB_FALSE='#'
USE_LOCAL_GLOB_TRUE=''
USE_NLS='yes'
VERSION='3.81'
WINDOWSENV_FALSE=''
WINDOWSENV_TRUE='#'
XGETTEXT='/usr/bin/xgettext'
ac_ct_CC='gcc'
am__fastdepCC_FALSE='#'
am__fastdepCC_TRUE=''
am__include='include'
am__leading_dot='.'
am__quote=''
am__tar='${AMTAR} chof - "$$tardir"'
am__untar='${AMTAR} xf -'
bindir='${exec_prefix}/bin'
build='x86_64-unknown-linux-gnu'
build_alias=''
build_cpu='x86_64'
build_os='linux-gnu'
build_vendor='unknown'
datadir='${datarootdir}'
datarootdir='${prefix}/share'
docdir='${datarootdir}/doc/${PACKAGE_TARNAME}'
dvidir='${docdir}'
exec_prefix='${prefix}'
host='x86_64-unknown-linux-gnu'
host_alias=''
host_cpu='x86_64'
host_os='linux-gnu'
host_vendor='unknown'
htmldir='${docdir}'
includedir='${prefix}/include'
infodir='${datarootdir}/info'
install_sh='/workspaces/rebuild-tplink-neffos-y5-kernel/rebuild/ndk/sources/host-tools/make-3.81/config/install-sh'
libdir='${exec_prefix}/lib'
libexecdir='${exec_prefix}/libexec'
localedir='${datarootdir}/locale'
localstatedir='${prefix}/var'
mandir='${datarootdir}/man'
mkdir_p='mkdir -p --'
oldincludedir='/usr/include'
pdfdir='${docdir}'
prefix='/usr/local'
program_transform_name='s,x,x,'
psdir='${docdir}'
sbindir='${exec_prefix}/sbin'
sharedstatedir='${prefix}/com'
sysconfdir='${prefix}/etc'
target_alias=''

## ------------------- ##
## File substitutions. ##
## ------------------- ##

MAINT_MAKEFILE='/dev/null'

## ----------- ##
## confdefs.h. ##
## ----------- ##

/* confdefs.h */
#define PACKAGE_NAME "GNU make"
#define PACKAGE_TARNAME "make"
#define PACKAGE_VERSION "3.81"
#define PACKAGE_STRING "GNU make 3.81"
#define PACKAGE_BUGREPORT "bug-make@gnu.org"
#define PACKAGE_URL "http://www.gnu.org/software/make/"
#define PACKAGE "make"
#define VERSION "3.81"
#define STDC_HEADERS 1
#define HAVE_SYS_TYPES_H 1
#define HAVE_SYS_STAT_H 1
#define HAVE_STDLIB_H 1
#define HAVE_STRING_H 1
#define HAVE_MEMORY_H 1
#define HAVE_STRINGS_H 1
#define HAVE_INTTYPES_H 1
#define HAVE_STDINT_H 1
#define HAVE_UNISTD_H 1
#define __EXTENSIONS__ 1
#define _ALL_SOURCE 1
#define _GNU_SOURCE 1
#define _POSIX_PTHREAD_SEMANTICS 1
#define _TANDEM_SOURCE 1
#define PROTOTYPES 1
#define __PROTOTYPES 1
#define HAVE_STRING_H 1
#define ENABLE_NLS 1
#define HAVE_GETTEXT 1
#define HAVE_DCGETTEXT 1
#define STDC_HEADERS 1
#define HAVE_DIRENT_H 1
#define TIME_WITH_SYS_TIME 1
#define HAVE_STDLIB_H 1
#define HAVE_LOCALE_H 1
#define HAVE_UNISTD_H 1
#define HAVE_LIMITS_H 1
#define HAVE_FCNTL_H 1
#define HAVE_STRING_H 1
#define HAVE_MEMORY_H 1
#define HAVE_SYS_PARAM_H 1
#define HAVE_SYS_RESOURCE_H 1
#define HAVE_SYS_TIME_H 1
#define HAVE_SYS_TIMEB_H 1
#define HAVE_ANSI_COMPILER 1
#define HAVE_STDARG_H 1
#define RETSIGTYPE void
#define ST_MTIM_NSEC tv_nsec
#define FILE_TIMESTAMP_HI_RES 1
#define HAVE_CLOCK_GETTIME 1
#define HAVE_GETTIMEOFDAY 1
#define HAVE_MEMCPY 1
#define HAVE_MEMMOVE 1
#define HAVE_STRCHR 1
#define HAVE_STRDUP 1
#define HAVE_MKSTEMP 1
#define HAVE_MKTEMP 1
#define HAVE_FDOPEN 1
#define HAVE_BSD_SIGNAL 1
#define HAVE_DUP2 1
#define HAVE_GETCWD 1
#define HAVE_REALPATH 1
#define HAVE_SIGSETMASK 1
#define HAVE_SIGACTION 1
#define HAVE_GETGROUPS 1
#define HAVE_SETEUID 1
#define HAVE_SETEGID 1
#define HAVE_SETLINEBUF 1
#define HAVE_SETREUID 1
#define HAVE_SETREGID 1
#define HAVE_GETRLIMIT 1
#define HAVE_SETRLIMIT 1
#define HAVE_SETVBUF 1
#define HAVE_PIPE 1
#define HAVE_STRERROR 1
#define HAVE_STRSIGNAL 1
#define HAVE_LSTAT 1
#define HAVE_READLINK 1
#define HAVE_ATEXIT 1
#define HAVE_STRCOLL 1
#define HAVE_ALLOCA_H 1
#define HAVE_ALLOCA 1
#define HAVE_FORK 1
#define HAVE_VFORK 1
#define HAVE_WORKING_VFORK 1
#define HAVE_WORKING_FORK 1
#define HAVE_VPRINTF 1
#define HAVE_GETLOADAVG 1
#define HAVE_DECL_SYS_SIGLIST 0
#define HAVE_DECL__SYS_SIGLIST 0
#define HAVE_DECL___SYS_SIGLIST 0
#define HAVE_SYS_WAIT_H 1
#define HAVE_WAITPID 1
#define HAVE_WAIT3 1
#define HAVE_SA_RESTART 1
#define MAKE_JOBSERVER 1
#define MAKE_SYMLINKS 1
#define SCCS_GET "get"
#define MAKE_HOST "x86_64-unknown-linux-gnu"

configure: exit 0
